"../../../Engine/Content/Functions/Engine_MaterialFunctions01/Shading/PowerToRoughness.uasset" 0
"../../../Engine/Content/Functions/Engine_MaterialFunctions01/Shading/PowerToRoughness.uexp" 1
"../../../Engine/Content/Functions/Engine_MaterialFunctions01/Shading/ConvertFromDiffSpec.uasset" 2
"../../../Engine/Content/Functions/Engine_MaterialFunctions01/Shading/ConvertFromDiffSpec.uexp" 3
"../../../Engine/Content/EngineSounds/Master.uasset" 4
"../../../Engine/Content/EngineSounds/Master.uexp" 5
"../../../Engine/Content/EngineSky/VolumetricClouds/CloudWeatherTexture.uasset" 6
"../../../Engine/Content/EngineSky/VolumetricClouds/CloudWeatherTexture.uexp" 7
"../../../Engine/Content/Functions/Engine_MaterialFunctions02/Utility/MakeFloat2.uasset" 8
"../../../Engine/Content/Functions/Engine_MaterialFunctions02/Utility/MakeFloat2.uexp" 9
"../../../Engine/Content/EngineSky/VolumetricClouds/CloudGradientTexture.uasset" 10
"../../../Engine/Content/EngineSky/VolumetricClouds/CloudGradientTexture.uexp" 11
"../../../Engine/Content/EngineSky/VolumetricClouds/T_NoiseShape64.ubulk" 12
"../../../Engine/Content/EngineSky/VolumetricClouds/T_NoiseShape64.uasset" 13
"../../../Engine/Content/EngineSky/VolumetricClouds/T_NoiseShape64.uexp" 14
"../../../Engine/Content/EngineSky/VolumetricClouds/T_VolumeNoiseShape64.uasset" 15
"../../../Engine/Content/EngineSky/VolumetricClouds/T_VolumeNoiseShape64.uexp" 16
"../../../Engine/Content/EngineSky/VolumetricClouds/T_NoiseErosion.ubulk" 17
"../../../Engine/Content/EngineSky/VolumetricClouds/T_NoiseErosion.uasset" 18
"../../../Engine/Content/EngineSky/VolumetricClouds/T_NoiseErosion.uexp" 19
"../../../Engine/Content/EngineSky/VolumetricClouds/T_VolumeNoiseErosion32.uasset" 20
"../../../Engine/Content/EngineSky/VolumetricClouds/T_VolumeNoiseErosion32.uexp" 21
"../../../Engine/Content/EngineSky/VolumetricClouds/m_SimpleVolumetricCloud.uasset" 22
"../../../Engine/Content/EngineSky/VolumetricClouds/m_SimpleVolumetricCloud.uexp" 23
"../../../Engine/Content/EngineSky/VolumetricClouds/m_SimpleVolumetricCloud_Inst.uasset" 24
"../../../Engine/Content/EngineSky/VolumetricClouds/m_SimpleVolumetricCloud_Inst.uexp" 25
"../../../Engine/Content/EngineResources/GradientTexture0.uasset" 26
"../../../Engine/Content/EngineResources/GradientTexture0.uexp" 27
"../../../Engine/Content/EngineResources/DefaultVolumeTexture2D.uasset" 28
"../../../Engine/Content/EngineResources/DefaultVolumeTexture2D.uexp" 29
"../../../Engine/Content/EngineResources/DefaultVolumeTexture.uasset" 30
"../../../Engine/Content/EngineResources/DefaultVolumeTexture.uexp" 31
"../../../Engine/Content/EngineResources/DefaultTextureCube.uasset" 32
"../../../Engine/Content/EngineResources/DefaultTextureCube.uexp" 33
"../../../Engine/Content/EngineResources/DefaultTexture.ubulk" 34
"../../../Engine/Content/EngineResources/DefaultTexture.uasset" 35
"../../../Engine/Content/EngineResources/DefaultTexture.uexp" 36
"../../../Engine/Content/EngineResources/FilmGrains/Marcie_Grain_v3_128_M2_000.uasset" 37
"../../../Engine/Content/EngineResources/FilmGrains/Marcie_Grain_v3_128_M2_000.uexp" 38
"../../../Engine/Content/EngineMeshes/Sphere.uasset" 39
"../../../Engine/Content/EngineMeshes/Sphere.uexp" 40
"../../../Engine/Content/EngineResources/WhiteSquareTexture.uasset" 41
"../../../Engine/Content/EngineResources/WhiteSquareTexture.uexp" 42
"../../../Engine/Content/EngineMaterials/Widget3DPassThrough.uasset" 43
"../../../Engine/Content/EngineMaterials/Widget3DPassThrough.uexp" 44
"../../../Engine/Content/EngineMaterials/Widget3DPassThrough_Translucent.uasset" 45
"../../../Engine/Content/EngineMaterials/Widget3DPassThrough_Translucent.uexp" 46
"../../../Engine/Content/EngineMaterials/Widget3DPassThrough_Translucent_OneSided.uasset" 47
"../../../Engine/Content/EngineMaterials/Widget3DPassThrough_Translucent_OneSided.uexp" 48
"../../../Engine/Content/EngineMaterials/Widget3DPassThrough_Opaque.uasset" 49
"../../../Engine/Content/EngineMaterials/Widget3DPassThrough_Opaque.uexp" 50
"../../../Engine/Content/EngineMaterials/Widget3DPassThrough_Opaque_OneSided.uasset" 51
"../../../Engine/Content/EngineMaterials/Widget3DPassThrough_Opaque_OneSided.uexp" 52
"../../../Engine/Content/EngineMaterials/Widget3DPassThrough_Masked_OneSided.uasset" 53
"../../../Engine/Content/EngineMaterials/Widget3DPassThrough_Masked_OneSided.uexp" 54
"../../../Engine/Content/EngineMaterials/Widget3DPassThrough_Masked.uasset" 55
"../../../Engine/Content/EngineMaterials/Widget3DPassThrough_Masked.uexp" 56
"../../../Engine/Content/EngineMaterials/WeightMapPlaceholderTexture.uasset" 57
"../../../Engine/Content/EngineMaterials/WeightMapPlaceholderTexture.uexp" 58
"../../../Engine/Content/EngineMaterials/RemoveSurfaceMaterial.uasset" 59
"../../../Engine/Content/EngineMaterials/RemoveSurfaceMaterial.uexp" 60
"../../../Engine/Content/EngineMaterials/PreintegratedSkinBRDF.uasset" 61
"../../../Engine/Content/EngineMaterials/PreintegratedSkinBRDF.uexp" 62
"../../../Engine/Content/Functions/Engine_MaterialFunctions02/WorldPositionOffset/CameraOffset.uasset" 63
"../../../Engine/Content/Functions/Engine_MaterialFunctions02/WorldPositionOffset/CameraOffset.uexp" 64
"../../../Engine/Content/EngineMaterials/PhAT_JointLimitMaterial.uasset" 65
"../../../Engine/Content/EngineMaterials/PhAT_JointLimitMaterial.uexp" 66
"../../../Engine/Content/EngineMaterials/InvalidLightmapSettings.ubulk" 67
"../../../Engine/Content/EngineMaterials/InvalidLightmapSettings.uasset" 68
"../../../Engine/Content/EngineMaterials/InvalidLightmapSettings.uexp" 69
"../../../Engine/Content/EngineMaterials/M_InvalidLightmapSettings.uasset" 70
"../../../Engine/Content/EngineMaterials/M_InvalidLightmapSettings.uexp" 71
"../../../Engine/Content/EngineMaterials/MiniFont.uasset" 72
"../../../Engine/Content/EngineMaterials/MiniFont.uexp" 73
"../../../Engine/Content/EngineMaterials/GizmoMaterial.uasset" 74
"../../../Engine/Content/EngineMaterials/GizmoMaterial.uexp" 75
"../../../Engine/Content/EngineMaterials/BaseFlattenEmissiveMap_VT.uasset" 76
"../../../Engine/Content/EngineMaterials/BaseFlattenEmissiveMap_VT.uexp" 77
"../../../Engine/Content/EngineMaterials/BaseFlattenGrayscaleMap_VT.uasset" 78
"../../../Engine/Content/EngineMaterials/BaseFlattenGrayscaleMap_VT.uexp" 79
"../../../Engine/Content/EngineMaterials/BaseFlattenLinearColor_VT.uasset" 80
"../../../Engine/Content/EngineMaterials/BaseFlattenLinearColor_VT.uexp" 81
"../../../Engine/Content/EngineMaterials/Black_1x1_EXR_Texture_VT.uasset" 82
"../../../Engine/Content/EngineMaterials/Black_1x1_EXR_Texture_VT.uexp" 83
"../../../Engine/Content/EngineMaterials/BaseFlattenDiffuseMap_VT.uasset" 84
"../../../Engine/Content/EngineMaterials/BaseFlattenDiffuseMap_VT.uexp" 85
"../../../Engine/Content/EngineMaterials/BaseFlattenNormalMap_VT.uasset" 86
"../../../Engine/Content/EngineMaterials/BaseFlattenNormalMap_VT.uexp" 87
"../../../Engine/Content/EngineMaterials/FlattenMaterial_WS_Normal_VT.uasset" 88
"../../../Engine/Content/EngineMaterials/FlattenMaterial_WS_Normal_VT.uexp" 89
"../../../Engine/Content/EngineMaterials/FlattenMaterial_VT.uasset" 90
"../../../Engine/Content/EngineMaterials/FlattenMaterial_VT.uexp" 91
"../../../Engine/Content/EngineMaterials/BaseFlattenNormalMap.uasset" 92
"../../../Engine/Content/EngineMaterials/BaseFlattenNormalMap.uexp" 93
"../../../Engine/Content/EngineMaterials/BaseFlattenGrayscaleMap.uasset" 94
"../../../Engine/Content/EngineMaterials/BaseFlattenGrayscaleMap.uexp" 95
"../../../Engine/Content/EngineMaterials/BaseFlattenDiffuseMap.uasset" 96
"../../../Engine/Content/EngineMaterials/BaseFlattenDiffuseMap.uexp" 97
"../../../Engine/Content/Functions/Engine_MaterialFunctions02/PivotPainter2/Black_1x1_EXR_Texture.uasset" 98
"../../../Engine/Content/Functions/Engine_MaterialFunctions02/PivotPainter2/Black_1x1_EXR_Texture.uexp" 99
"../../../Engine/Content/EngineMaterials/BaseFlattenEmissiveMap.uasset" 100
"../../../Engine/Content/EngineMaterials/BaseFlattenEmissiveMap.uexp" 101
"../../../Engine/Content/EngineMaterials/BaseFlattenLinearColor.uasset" 102
"../../../Engine/Content/EngineMaterials/BaseFlattenLinearColor.uexp" 103
"../../../Engine/Content/EngineMaterials/FlattenMaterial.uasset" 104
"../../../Engine/Content/EngineMaterials/FlattenMaterial.uexp" 105
"../../../Engine/Content/EngineMaterials/DefaultWhiteGrid_Low.uasset" 106
"../../../Engine/Content/EngineMaterials/DefaultWhiteGrid_Low.uexp" 107
"../../../Engine/Content/EngineMaterials/EmissiveMeshMaterial.uasset" 108
"../../../Engine/Content/EngineMaterials/EmissiveMeshMaterial.uexp" 109
"../../../Engine/Content/EngineMaterials/DefaultWhiteGrid.ubulk" 110
"../../../Engine/Content/EngineMaterials/DefaultWhiteGrid.uasset" 111
"../../../Engine/Content/EngineMaterials/DefaultWhiteGrid.uexp" 112
"../../../Engine/Content/EngineFonts/RobotoDistanceField.uasset" 113
"../../../Engine/Content/EngineFonts/RobotoDistanceField.uexp" 114
"../../../Engine/Content/EngineMaterials/DefaultTextMaterialOpaque.uasset" 115
"../../../Engine/Content/EngineMaterials/DefaultTextMaterialOpaque.uexp" 116
"../../../Engine/Content/EngineMaterials/DefaultDiffuse.ubulk" 117
"../../../Engine/Content/EngineMaterials/DefaultDiffuse.uasset" 118
"../../../Engine/Content/EngineMaterials/DefaultDiffuse.uexp" 119
"../../../Engine/Content/Functions/Engine_MaterialFunctions02/Utility/BreakOutFloat2Components.uasset" 120
"../../../Engine/Content/Functions/Engine_MaterialFunctions02/Utility/BreakOutFloat2Components.uexp" 121
"../../../Engine/Content/EngineMaterials/DefaultPostProcessMaterial.uasset" 122
"../../../Engine/Content/EngineMaterials/DefaultPostProcessMaterial.uexp" 123
"../../../Engine/Content/EngineMaterials/DefaultPhysicalMaterial.uasset" 124
"../../../Engine/Content/EngineMaterials/DefaultPhysicalMaterial.uexp" 125
"../../../Engine/Content/EngineMaterials/DefaultLightFunctionMaterial.uasset" 126
"../../../Engine/Content/EngineMaterials/DefaultLightFunctionMaterial.uexp" 127
"../../../Engine/Content/EngineMaterials/DefaultDestructiblePhysicalMaterial.uasset" 128
"../../../Engine/Content/EngineMaterials/DefaultDestructiblePhysicalMaterial.uexp" 129
"../../../Engine/Content/EngineMaterials/DefaultDeferredDecalMaterial.uasset" 130
"../../../Engine/Content/EngineMaterials/DefaultDeferredDecalMaterial.uexp" 131
"../../../Engine/Content/EngineMaterials/DefaultBokeh.uasset" 132
"../../../Engine/Content/EngineMaterials/DefaultBokeh.uexp" 133
"../../../Engine/Content/EngineMaterials/DefaultBloomKernel.uasset" 134
"../../../Engine/Content/EngineMaterials/DefaultBloomKernel.uexp" 135
"../../../Engine/Content/EngineMaterials/BlueNoise.uasset" 136
"../../../Engine/Content/EngineMaterials/BlueNoise.uexp" 137
"../../../Engine/Content/EngineFonts/Faces/RobotoLight.uexp" 138
"../../../Engine/Content/EngineFonts/Faces/RobotoLight.uasset" 139
"../../../Engine/Content/EngineFonts/Faces/RobotoLight.ufont" 140
"../../../Engine/Content/EngineFonts/Faces/RobotoBold.uexp" 141
"../../../Engine/Content/EngineFonts/Faces/RobotoBold.uasset" 142
"../../../Engine/Content/EngineFonts/Faces/RobotoBold.ufont" 143
"../../../Engine/Content/EngineFonts/Faces/RobotoRegular.uexp" 144
"../../../Engine/Content/EngineFonts/Faces/RobotoRegular.uasset" 145
"../../../Engine/Content/EngineFonts/Faces/RobotoRegular.ufont" 146
"../../../Engine/Content/EngineFonts/Faces/DroidSansFallback.uexp" 147
"../../../Engine/Content/EngineFonts/Faces/DroidSansFallback.uasset" 148
"../../../Engine/Content/EngineFonts/Faces/DroidSansFallback.ufont" 149
"../../../Engine/Content/EngineFonts/Faces/RobotoItalic.uexp" 150
"../../../Engine/Content/EngineFonts/Faces/RobotoItalic.uasset" 151
"../../../Engine/Content/EngineFonts/Faces/RobotoItalic.ufont" 152
"../../../Engine/Content/EngineFonts/Faces/RobotoBoldItalic.uexp" 153
"../../../Engine/Content/EngineFonts/Faces/RobotoBoldItalic.uasset" 154
"../../../Engine/Content/EngineFonts/Faces/RobotoBoldItalic.ufont" 155
"../../../Engine/Content/EngineFonts/Roboto.uasset" 156
"../../../Engine/Content/EngineFonts/Roboto.uexp" 157
"../../../Engine/Content/Functions/Engine_MaterialFunctions02/Utility/CameraDirectionVector.uasset" 158
"../../../Engine/Content/Functions/Engine_MaterialFunctions02/Utility/CameraDirectionVector.uexp" 159
"../../../Engine/Content/EngineDebugMaterials/VolumeToRender.uasset" 160
"../../../Engine/Content/EngineDebugMaterials/VolumeToRender.uexp" 161
"../../../Engine/Content/EngineDebugMaterials/M_VolumeRenderSphereTracePP.uasset" 162
"../../../Engine/Content/EngineDebugMaterials/M_VolumeRenderSphereTracePP.uexp" 163
"../../../Engine/Content/EngineDebugMaterials/M_SimpleUnlitTranslucent.uasset" 164
"../../../Engine/Content/EngineDebugMaterials/M_SimpleUnlitTranslucent.uexp" 165
"../../../Engine/Content/EngineDebugMaterials/DebugMeshMaterial.uasset" 166
"../../../Engine/Content/EngineDebugMaterials/DebugMeshMaterial.uexp" 167
"../../../Engine/Content/EngineDebugMaterials/DebugEditorMaterial.uasset" 168
"../../../Engine/Content/EngineDebugMaterials/DebugEditorMaterial.uexp" 169
"../../../Engine/Content/EngineDamageTypes/DmgTypeBP_Environmental.uasset" 170
"../../../Engine/Content/EngineDamageTypes/DmgTypeBP_Environmental.uexp" 171
"../../../Engine/Content/EditorResources/S_TriggerSphere.uasset" 172
"../../../Engine/Content/EditorResources/S_TriggerSphere.uexp" 173
"../../../Engine/Content/EditorResources/S_TriggerCapsule.uasset" 174
"../../../Engine/Content/EditorResources/S_TriggerCapsule.uexp" 175
"../../../Engine/Content/EditorResources/S_TriggerBox.uasset" 176
"../../../Engine/Content/EditorResources/S_TriggerBox.uexp" 177
"../../../Engine/Content/EditorResources/S_Trigger.ubulk" 178
"../../../Engine/Content/EditorResources/S_Trigger.uasset" 179
"../../../Engine/Content/EditorResources/S_Trigger.uexp" 180
"../../../Engine/Content/EditorResources/S_Terrain.ubulk" 181
"../../../Engine/Content/EditorResources/S_Terrain.uasset" 182
"../../../Engine/Content/EditorResources/S_Terrain.uexp" 183
"../../../Engine/Content/EditorResources/S_Solver.ubulk" 184
"../../../Engine/Content/EditorResources/S_Solver.uasset" 185
"../../../Engine/Content/EditorResources/S_Solver.uexp" 186
"../../../Engine/Content/EditorResources/S_BoxReflectionCapture.uasset" 187
"../../../Engine/Content/EditorResources/S_BoxReflectionCapture.uexp" 188
"../../../Engine/Content/EditorResources/S_Actor.ubulk" 189
"../../../Engine/Content/EditorResources/S_Actor.uasset" 190
"../../../Engine/Content/EditorResources/S_Actor.uexp" 191
"../../../Engine/Content/EditorResources/EmptyActor.uasset" 192
"../../../Engine/Content/EditorResources/EmptyActor.uexp" 193
"../../../Engine/Content/EditorResources/BSPVertex.uasset" 194
"../../../Engine/Content/EditorResources/BSPVertex.uexp" 195
"../../../Engine/Content/EditorResources/SequenceRecorder/RecordingIndicator.uasset" 196
"../../../Engine/Content/EditorResources/SequenceRecorder/RecordingIndicator.uexp" 197
"../../../Engine/Content/EditorResources/SequenceRecorder/Countdown.uasset" 198
"../../../Engine/Content/EditorResources/SequenceRecorder/Countdown.uexp" 199
"../../../Engine/Content/EditorResources/LightIcons/S_LightError.uasset" 200
"../../../Engine/Content/EditorResources/LightIcons/S_LightError.uexp" 201
"../../../Engine/Content/EditorResources/AudioIcons/S_AudioComponent_AutoActivate.uasset" 202
"../../../Engine/Content/EditorResources/AudioIcons/S_AudioComponent_AutoActivate.uexp" 203
"../../../Engine/Content/EditorMaterials/Camera/CineMat.uasset" 204
"../../../Engine/Content/EditorMaterials/Camera/CineMat.uexp" 205
"../../../Engine/Content/EditorMaterials/Camera/MI_CineMat_Rig.uasset" 206
"../../../Engine/Content/EditorMaterials/Camera/MI_CineMat_Rig.uexp" 207
"../../../Engine/Content/EditorMeshes/Camera/SM_RailRig_Track.uasset" 208
"../../../Engine/Content/EditorMeshes/Camera/SM_RailRig_Track.uexp" 209
"../../../Engine/Content/EditorMeshes/Camera/SM_RailRig_Mount.uasset" 210
"../../../Engine/Content/EditorMeshes/Camera/SM_RailRig_Mount.uexp" 211
"../../../Engine/Content/EditorMeshes/Camera/SM_CraneRig_Mount.uasset" 212
"../../../Engine/Content/EditorMeshes/Camera/SM_CraneRig_Mount.uexp" 213
"../../../Engine/Content/EditorMeshes/Camera/SM_CraneRig_Body.uasset" 214
"../../../Engine/Content/EditorMeshes/Camera/SM_CraneRig_Body.uexp" 215
"../../../Engine/Content/EditorMeshes/Camera/SM_CraneRig_Base.uasset" 216
"../../../Engine/Content/EditorMeshes/Camera/SM_CraneRig_Base.uexp" 217
"../../../Engine/Content/EditorMeshes/Camera/SM_CraneRig_Arm.uasset" 218
"../../../Engine/Content/EditorMeshes/Camera/SM_CraneRig_Arm.uexp" 219
"../../../Engine/Content/EditorMaterials/PreviewShadowIndicator.ubulk" 220
"../../../Engine/Content/EditorMaterials/PreviewShadowIndicator.uasset" 221
"../../../Engine/Content/EditorMaterials/PreviewShadowIndicator.uexp" 222
"../../../Engine/Content/EditorMaterials/PreviewShadowIndicatorMaterial.uasset" 223
"../../../Engine/Content/EditorMaterials/PreviewShadowIndicatorMaterial.uexp" 224
"../../../Engine/Content/EditorMaterials/MAT_Groups_Visibility.uasset" 225
"../../../Engine/Content/EditorMaterials/MAT_Groups_Visibility.uexp" 226
"../../../Engine/Content/EditorMaterials/MAT_Groups_Toggle.uasset" 227
"../../../Engine/Content/EditorMaterials/MAT_Groups_Toggle.uexp" 228
"../../../Engine/Content/Functions/Engine_MaterialFunctions02/Utility/MakeFloat4.uasset" 229
"../../../Engine/Content/Functions/Engine_MaterialFunctions02/Utility/MakeFloat4.uexp" 230
"../../../Engine/Content/Functions/Engine_MaterialFunctions02/Utility/MakeFloat3.uasset" 231
"../../../Engine/Content/Functions/Engine_MaterialFunctions02/Utility/MakeFloat3.uexp" 232
"../../../Engine/Content/Functions/Engine_MaterialFunctions02/Utility/BreakOutFloat3Components.uasset" 233
"../../../Engine/Content/Functions/Engine_MaterialFunctions02/Utility/BreakOutFloat3Components.uexp" 234
"../../../Engine/Content/EditorMaterials/WorldPartition/WorldPartitionSpatialHashGridPreviewMaterial.uasset" 235
"../../../Engine/Content/EditorMaterials/WorldPartition/WorldPartitionSpatialHashGridPreviewMaterial.uexp" 236
"../../../Engine/Content/EditorMaterials/ParticleSystems/PSysThumbnail_OOD.ubulk" 237
"../../../Engine/Content/EditorMaterials/ParticleSystems/PSysThumbnail_OOD.uasset" 238
"../../../Engine/Content/EditorMaterials/ParticleSystems/PSysThumbnail_OOD.uexp" 239
"../../../Engine/Content/EditorMaterials/ParticleSystems/PSysThumbnail_NoImage.ubulk" 240
"../../../Engine/Content/EditorMaterials/ParticleSystems/PSysThumbnail_NoImage.uasset" 241
"../../../Engine/Content/EditorMaterials/ParticleSystems/PSysThumbnail_NoImage.uexp" 242
"../../../Engine/Content/EditorMaterials/MatineeGroups/MAT_Groups_Vector.uasset" 243
"../../../Engine/Content/EditorMaterials/MatineeGroups/MAT_Groups_Vector.uexp" 244
"../../../Engine/Content/EditorMaterials/MatineeGroups/MAT_Groups_Sound.uasset" 245
"../../../Engine/Content/EditorMaterials/MatineeGroups/MAT_Groups_Sound.uexp" 246
"../../../Engine/Content/EditorMaterials/MatineeGroups/MAT_Groups_Slomo.uasset" 247
"../../../Engine/Content/EditorMaterials/MatineeGroups/MAT_Groups_Slomo.uexp" 248
"../../../Engine/Content/EditorMaterials/MatineeGroups/MAT_Groups_Move.uasset" 249
"../../../Engine/Content/EditorMaterials/MatineeGroups/MAT_Groups_Move.uexp" 250
"../../../Engine/Content/EditorMaterials/MatineeGroups/MAT_Groups_Float.uasset" 251
"../../../Engine/Content/EditorMaterials/MatineeGroups/MAT_Groups_Float.uexp" 252
"../../../Engine/Content/EditorMaterials/MatineeGroups/MAT_Groups_Fade.uasset" 253
"../../../Engine/Content/EditorMaterials/MatineeGroups/MAT_Groups_Fade.uexp" 254
"../../../Engine/Content/EditorMaterials/MatineeGroups/MAT_Groups_Event.uasset" 255
"../../../Engine/Content/EditorMaterials/MatineeGroups/MAT_Groups_Event.uexp" 256
"../../../Engine/Content/EditorMaterials/MatineeGroups/MAT_Groups_Director.uasset" 257
"../../../Engine/Content/EditorMaterials/MatineeGroups/MAT_Groups_Director.uexp" 258
"../../../Engine/Content/EditorMaterials/MatineeGroups/MAT_Groups_AudioMaster.uasset" 259
"../../../Engine/Content/EditorMaterials/MatineeGroups/MAT_Groups_AudioMaster.uexp" 260
"../../../Engine/Content/EditorMaterials/MatineeGroups/MAT_Groups_Anim.uasset" 261
"../../../Engine/Content/EditorMaterials/MatineeGroups/MAT_Groups_Anim.uexp" 262
"../../../Engine/Content/EditorMaterials/MatineeGroups/MAT_ColorTrack.uasset" 263
"../../../Engine/Content/EditorMaterials/MatineeGroups/MAT_ColorTrack.uexp" 264
"../../../Engine/Content/EditorLandscapeResources/DefaultAlphaTexture.uasset" 265
"../../../Engine/Content/EditorLandscapeResources/DefaultAlphaTexture.uexp" 266
"../../../Engine/Content/EditorLandscapeResources/DataLayer.uasset" 267
"../../../Engine/Content/EditorLandscapeResources/DataLayer.uexp" 268
"../../../Engine/Content/EngineMaterials/T_Default_Material_Grid_M.ubulk" 269
"../../../Engine/Content/EngineMaterials/T_Default_Material_Grid_M.uasset" 270
"../../../Engine/Content/EngineMaterials/T_Default_Material_Grid_M.uexp" 271
"../../../Engine/Content/EngineMaterials/T_Default_Material_Grid_N.ubulk" 272
"../../../Engine/Content/EngineMaterials/T_Default_Material_Grid_N.uasset" 273
"../../../Engine/Content/EngineMaterials/T_Default_Material_Grid_N.uexp" 274
"../../../Engine/Content/Functions/Engine_MaterialFunctions01/Opacity/CameraDepthFade.uasset" 275
"../../../Engine/Content/Functions/Engine_MaterialFunctions01/Opacity/CameraDepthFade.uexp" 276
"../../../Engine/Content/EngineMaterials/WorldGridMaterial.uasset" 277
"../../../Engine/Content/EngineMaterials/WorldGridMaterial.uexp" 278
"../../../Engine/Content/BasicShapes/Plane.uasset" 279
"../../../Engine/Content/BasicShapes/Plane.uexp" 280
"../../../Engine/Content/BasicShapes/Cube.uasset" 281
"../../../Engine/Content/BasicShapes/Cube.uexp" 282
"../../../Engine/Content/EngineMaterials/DefaultMaterial.uasset" 283
"../../../Engine/Content/EngineMaterials/DefaultMaterial.uexp" 284
"../../../Engine/Content/BasicShapes/Cone.uasset" 285
"../../../Engine/Content/BasicShapes/Cone.uexp" 286
"../../../Engine/Content/ArtTools/RenderToTexture/Meshes/S_1_Unit_Plane.uasset" 287
"../../../Engine/Content/ArtTools/RenderToTexture/Meshes/S_1_Unit_Plane.uexp" 288
"../../../Engine/Content/Tutorial/ContentIntroCurve.uasset" 289
"../../../Engine/Content/Tutorial/ContentIntroCurve.uexp" 290
"../../../Engine/Content/VREditor/TransformGizmo/Main.uasset" 291
"../../../Engine/Content/VREditor/TransformGizmo/Main.uexp" 292
"../../../Engine/Content/VREditor/TransformGizmo/Xray.uasset" 293
"../../../Engine/Content/VREditor/TransformGizmo/Xray.uexp" 294
"../../../Engine/Content/VREditor/TransformGizmo/SM_Sequencer_Node.uasset" 295
"../../../Engine/Content/VREditor/TransformGizmo/SM_Sequencer_Node.uexp" 296
"../../../Engine/Content/VREditor/LaserPointer/VR_LaserPower_01.ubulk" 297
"../../../Engine/Content/VREditor/LaserPointer/VR_LaserPower_01.uasset" 298
"../../../Engine/Content/VREditor/LaserPointer/VR_LaserPower_01.uexp" 299
"../../../Engine/Content/VREditor/TransformGizmo/TransformGizmoMaterial.uasset" 300
"../../../Engine/Content/VREditor/TransformGizmo/TransformGizmoMaterial.uexp" 301
"../../../Engine/Content/VREditor/TransformGizmo/TranslucentTransformGizmoMaterial.uasset" 302
"../../../Engine/Content/VREditor/TransformGizmo/TranslucentTransformGizmoMaterial.uexp" 303
"../../../Engine/Content/VREditor/TransformGizmo/PlaneTranslationHandle.uasset" 304
"../../../Engine/Content/VREditor/TransformGizmo/PlaneTranslationHandle.uexp" 305
"../../../Engine/Content/VREditor/TransformGizmo/BoundingBoxEdge.uasset" 306
"../../../Engine/Content/VREditor/TransformGizmo/BoundingBoxEdge.uexp" 307
"../../../Engine/Content/VREditor/TransformGizmo/BoundingBoxCorner.uasset" 308
"../../../Engine/Content/VREditor/TransformGizmo/BoundingBoxCorner.uexp" 309
"../../../Engine/Plugins/2D/Paper2D/Content/PlaceholderTextures/DummySpriteTexture.ubulk" 310
"../../../Engine/Plugins/2D/Paper2D/Content/PlaceholderTextures/DummySpriteTexture.uasset" 311
"../../../Engine/Plugins/2D/Paper2D/Content/PlaceholderTextures/DummySpriteTexture.uexp" 312
"../../../Engine/Plugins/2D/Paper2D/Content/DefaultSpriteMaterial.uasset" 313
"../../../Engine/Plugins/2D/Paper2D/Content/DefaultSpriteMaterial.uexp" 314
"../../../Engine/Plugins/2D/Paper2D/Content/OpaqueUnlitSpriteMaterial.uasset" 315
"../../../Engine/Plugins/2D/Paper2D/Content/OpaqueUnlitSpriteMaterial.uexp" 316
"../../../Engine/Plugins/2D/Paper2D/Content/MaskedUnlitSpriteMaterial.uasset" 317
"../../../Engine/Plugins/2D/Paper2D/Content/MaskedUnlitSpriteMaterial.uexp" 318
"../../../Engine/Plugins/2D/Paper2D/Content/DummySprite.uasset" 319
"../../../Engine/Plugins/2D/Paper2D/Content/DummySprite.uexp" 320
"../../../Engine/Plugins/2D/Paper2D/Content/DefaultPaperTerrainMaterial.uasset" 321
"../../../Engine/Plugins/2D/Paper2D/Content/DefaultPaperTerrainMaterial.uexp" 322
"../../../Engine/Plugins/Animation/ControlRig/Content/M_Manip.uasset" 323
"../../../Engine/Plugins/Animation/ControlRig/Content/M_Manip.uexp" 324
"../../../Engine/Plugins/Animation/ControlRig/Content/Controls/DefaultGizmoLibraryNormalized.uasset" 325
"../../../Engine/Plugins/Animation/ControlRig/Content/Controls/DefaultGizmoLibraryNormalized.uexp" 326
"../../../Engine/Plugins/Animation/ControlRig/Content/Controls/ControlRig_Wedge_solid.uasset" 327
"../../../Engine/Plugins/Animation/ControlRig/Content/Controls/ControlRig_Wedge_solid.uexp" 328
"../../../Engine/Plugins/Animation/ControlRig/Content/Controls/ControlRig_Wedge_3mm.uasset" 329
"../../../Engine/Plugins/Animation/ControlRig/Content/Controls/ControlRig_Wedge_3mm.uexp" 330
"../../../Engine/Plugins/Animation/ControlRig/Content/Controls/ControlRig_Wedge_1mm.uasset" 331
"../../../Engine/Plugins/Animation/ControlRig/Content/Controls/ControlRig_Wedge_1mm.uexp" 332
"../../../Engine/Plugins/Animation/ControlRig/Content/Controls/ControlRig_Triangle_solid.uasset" 333
"../../../Engine/Plugins/Animation/ControlRig/Content/Controls/ControlRig_Triangle_solid.uexp" 334
"../../../Engine/Plugins/Animation/ControlRig/Content/Controls/ControlRig_Triangle_3mm.uasset" 335
"../../../Engine/Plugins/Animation/ControlRig/Content/Controls/ControlRig_Triangle_3mm.uexp" 336
"../../../Engine/Plugins/Animation/ControlRig/Content/Controls/ControlRig_Triangle_1mm.uasset" 337
"../../../Engine/Plugins/Animation/ControlRig/Content/Controls/ControlRig_Triangle_1mm.uexp" 338
"../../../Engine/Plugins/Animation/ControlRig/Content/Controls/ControlRig_Star4_solid.uasset" 339
"../../../Engine/Plugins/Animation/ControlRig/Content/Controls/ControlRig_Star4_solid.uexp" 340
"../../../Engine/Plugins/Animation/ControlRig/Content/Controls/ControlRig_Star4_3mm.uasset" 341
"../../../Engine/Plugins/Animation/ControlRig/Content/Controls/ControlRig_Star4_3mm.uexp" 342
"../../../Engine/Plugins/Animation/ControlRig/Content/Controls/ControlRig_Star4_1mm.uasset" 343
"../../../Engine/Plugins/Animation/ControlRig/Content/Controls/ControlRig_Star4_1mm.uexp" 344
"../../../Engine/Plugins/Animation/ControlRig/Content/Controls/ControlRig_Square_solid.uasset" 345
"../../../Engine/Plugins/Animation/ControlRig/Content/Controls/ControlRig_Square_solid.uexp" 346
"../../../Engine/Plugins/Animation/ControlRig/Content/Controls/ControlRig_Square_3mm.uasset" 347
"../../../Engine/Plugins/Animation/ControlRig/Content/Controls/ControlRig_Square_3mm.uexp" 348
"../../../Engine/Plugins/Animation/ControlRig/Content/Controls/ControlRig_Square_1mm.uasset" 349
"../../../Engine/Plugins/Animation/ControlRig/Content/Controls/ControlRig_Square_1mm.uexp" 350
"../../../Engine/Plugins/Animation/ControlRig/Content/Controls/ControlRig_Sphere_solid.uasset" 351
"../../../Engine/Plugins/Animation/ControlRig/Content/Controls/ControlRig_Sphere_solid.uexp" 352
"../../../Engine/Plugins/Animation/ControlRig/Content/Controls/ControlRig_Sphere_3mm.uasset" 353
"../../../Engine/Plugins/Animation/ControlRig/Content/Controls/ControlRig_Sphere_3mm.uexp" 354
"../../../Engine/Plugins/Animation/ControlRig/Content/Controls/ControlRig_Sphere_1mm.uasset" 355
"../../../Engine/Plugins/Animation/ControlRig/Content/Controls/ControlRig_Sphere_1mm.uexp" 356
"../../../Engine/Plugins/Animation/ControlRig/Content/Controls/ControlRig_RoundedTriangle_solid.uasset" 357
"../../../Engine/Plugins/Animation/ControlRig/Content/Controls/ControlRig_RoundedTriangle_solid.uexp" 358
"../../../Engine/Plugins/Animation/ControlRig/Content/Controls/ControlRig_RoundedTriangle_3mm.uasset" 359
"../../../Engine/Plugins/Animation/ControlRig/Content/Controls/ControlRig_RoundedTriangle_3mm.uexp" 360
"../../../Engine/Plugins/Animation/ControlRig/Content/Controls/ControlRig_RoundedTriangle_1mm.uasset" 361
"../../../Engine/Plugins/Animation/ControlRig/Content/Controls/ControlRig_RoundedTriangle_1mm.uexp" 362
"../../../Engine/Plugins/Animation/ControlRig/Content/Controls/ControlRig_RoundedSquare_solid.uasset" 363
"../../../Engine/Plugins/Animation/ControlRig/Content/Controls/ControlRig_RoundedSquare_solid.uexp" 364
"../../../Engine/Plugins/Animation/ControlRig/Content/Controls/ControlRig_RoundedSquare_3mm.uasset" 365
"../../../Engine/Plugins/Animation/ControlRig/Content/Controls/ControlRig_RoundedSquare_3mm.uexp" 366
"../../../Engine/Plugins/Animation/ControlRig/Content/Controls/ControlRig_RoundedSquare_1mm.uasset" 367
"../../../Engine/Plugins/Animation/ControlRig/Content/Controls/ControlRig_RoundedSquare_1mm.uexp" 368
"../../../Engine/Plugins/Animation/ControlRig/Content/Controls/ControlRig_QuarterCircle_solid.uasset" 369
"../../../Engine/Plugins/Animation/ControlRig/Content/Controls/ControlRig_QuarterCircle_solid.uexp" 370
"../../../Engine/Plugins/Animation/ControlRig/Content/Controls/ControlRig_QuarterCircle_3mm.uasset" 371
"../../../Engine/Plugins/Animation/ControlRig/Content/Controls/ControlRig_QuarterCircle_3mm.uexp" 372
"../../../Engine/Plugins/Animation/ControlRig/Content/Controls/ControlRig_QuarterCircle_1mm.uasset" 373
"../../../Engine/Plugins/Animation/ControlRig/Content/Controls/ControlRig_QuarterCircle_1mm.uexp" 374
"../../../Engine/Plugins/Animation/ControlRig/Content/Controls/ControlRig_Pyramid_solid.uasset" 375
"../../../Engine/Plugins/Animation/ControlRig/Content/Controls/ControlRig_Pyramid_solid.uexp" 376
"../../../Engine/Plugins/Animation/ControlRig/Content/Controls/ControlRig_Pyramid_3mm.uasset" 377
"../../../Engine/Plugins/Animation/ControlRig/Content/Controls/ControlRig_Pyramid_3mm.uexp" 378
"../../../Engine/Plugins/Animation/ControlRig/Content/Controls/ControlRig_Pyramid_1mm.uasset" 379
"../../../Engine/Plugins/Animation/ControlRig/Content/Controls/ControlRig_Pyramid_1mm.uexp" 380
"../../../Engine/Plugins/Animation/ControlRig/Content/Controls/ControlRig_Octagon_solid.uasset" 381
"../../../Engine/Plugins/Animation/ControlRig/Content/Controls/ControlRig_Octagon_solid.uexp" 382
"../../../Engine/Plugins/Animation/ControlRig/Content/Controls/ControlRig_Octagon_3mm.uasset" 383
"../../../Engine/Plugins/Animation/ControlRig/Content/Controls/ControlRig_Octagon_3mm.uexp" 384
"../../../Engine/Plugins/Animation/ControlRig/Content/Controls/ControlRig_Octagon_1mm.uasset" 385
"../../../Engine/Plugins/Animation/ControlRig/Content/Controls/ControlRig_Octagon_1mm.uexp" 386
"../../../Engine/Plugins/Animation/ControlRig/Content/Controls/ControlRig_Hexagon_solid.uasset" 387
"../../../Engine/Plugins/Animation/ControlRig/Content/Controls/ControlRig_Hexagon_solid.uexp" 388
"../../../Engine/Plugins/Animation/ControlRig/Content/Controls/ControlRig_Hexagon_3mm.uasset" 389
"../../../Engine/Plugins/Animation/ControlRig/Content/Controls/ControlRig_Hexagon_3mm.uexp" 390
"../../../Engine/Plugins/Animation/ControlRig/Content/Controls/ControlRig_Hexagon_1mm.uasset" 391
"../../../Engine/Plugins/Animation/ControlRig/Content/Controls/ControlRig_Hexagon_1mm.uexp" 392
"../../../Engine/Plugins/Animation/ControlRig/Content/Controls/ControlRig_HalfCircle_solid.uasset" 393
"../../../Engine/Plugins/Animation/ControlRig/Content/Controls/ControlRig_HalfCircle_solid.uexp" 394
"../../../Engine/Plugins/Animation/ControlRig/Content/Controls/ControlRig_HalfCircle_3mm.uasset" 395
"../../../Engine/Plugins/Animation/ControlRig/Content/Controls/ControlRig_HalfCircle_3mm.uexp" 396
"../../../Engine/Plugins/Animation/ControlRig/Content/Controls/ControlRig_HalfCircle_1mm.uasset" 397
"../../../Engine/Plugins/Animation/ControlRig/Content/Controls/ControlRig_HalfCircle_1mm.uexp" 398
"../../../Engine/Plugins/Animation/ControlRig/Content/Controls/ControlRig_Diamond_solid.uasset" 399
"../../../Engine/Plugins/Animation/ControlRig/Content/Controls/ControlRig_Diamond_solid.uexp" 400
"../../../Engine/Plugins/Animation/ControlRig/Content/Controls/ControlRig_Diamond_3mm.uasset" 401
"../../../Engine/Plugins/Animation/ControlRig/Content/Controls/ControlRig_Diamond_3mm.uexp" 402
"../../../Engine/Plugins/Animation/ControlRig/Content/Controls/ControlRig_Diamond_1mm.uasset" 403
"../../../Engine/Plugins/Animation/ControlRig/Content/Controls/ControlRig_Diamond_1mm.uexp" 404
"../../../Engine/Plugins/Animation/ControlRig/Content/Controls/ControlRig_Circle_solid.uasset" 405
"../../../Engine/Plugins/Animation/ControlRig/Content/Controls/ControlRig_Circle_solid.uexp" 406
"../../../Engine/Plugins/Animation/ControlRig/Content/Controls/ControlRig_Circle_3mm.uasset" 407
"../../../Engine/Plugins/Animation/ControlRig/Content/Controls/ControlRig_Circle_3mm.uexp" 408
"../../../Engine/Plugins/Animation/ControlRig/Content/Controls/ControlRig_Circle_1mm.uasset" 409
"../../../Engine/Plugins/Animation/ControlRig/Content/Controls/ControlRig_Circle_1mm.uexp" 410
"../../../Engine/Plugins/Animation/ControlRig/Content/Controls/ControlRig_Box_solid.uasset" 411
"../../../Engine/Plugins/Animation/ControlRig/Content/Controls/ControlRig_Box_solid.uexp" 412
"../../../Engine/Plugins/Animation/ControlRig/Content/Controls/ControlRig_Box_3mm.uasset" 413
"../../../Engine/Plugins/Animation/ControlRig/Content/Controls/ControlRig_Box_3mm.uexp" 414
"../../../Engine/Plugins/Animation/ControlRig/Content/Controls/ControlRig_Box_1mm.uasset" 415
"../../../Engine/Plugins/Animation/ControlRig/Content/Controls/ControlRig_Box_1mm.uexp" 416
"../../../Engine/Plugins/Animation/ControlRig/Content/Controls/ControlRig_Arrow_solid.uasset" 417
"../../../Engine/Plugins/Animation/ControlRig/Content/Controls/ControlRig_Arrow_solid.uexp" 418
"../../../Engine/Plugins/Animation/ControlRig/Content/Controls/ControlRig_Arrow_3mm.uasset" 419
"../../../Engine/Plugins/Animation/ControlRig/Content/Controls/ControlRig_Arrow_3mm.uexp" 420
"../../../Engine/Plugins/Animation/ControlRig/Content/Controls/ControlRig_Arrow_1mm.uasset" 421
"../../../Engine/Plugins/Animation/ControlRig/Content/Controls/ControlRig_Arrow_1mm.uexp" 422
"../../../Engine/Plugins/Animation/ControlRig/Content/Controls/ControlRig_Arrow4_solid.uasset" 423
"../../../Engine/Plugins/Animation/ControlRig/Content/Controls/ControlRig_Arrow4_solid.uexp" 424
"../../../Engine/Plugins/Animation/ControlRig/Content/Controls/ControlRig_Arrow4_3mm.uasset" 425
"../../../Engine/Plugins/Animation/ControlRig/Content/Controls/ControlRig_Arrow4_3mm.uexp" 426
"../../../Engine/Plugins/Animation/ControlRig/Content/Controls/ControlRig_Arrow4_1mm.uasset" 427
"../../../Engine/Plugins/Animation/ControlRig/Content/Controls/ControlRig_Arrow4_1mm.uexp" 428
"../../../Engine/Plugins/Animation/ControlRig/Content/Controls/ControlRig_Arrow2_solid.uasset" 429
"../../../Engine/Plugins/Animation/ControlRig/Content/Controls/ControlRig_Arrow2_solid.uexp" 430
"../../../Engine/Plugins/Animation/ControlRig/Content/Controls/ControlRig_Arrow2_3mm.uasset" 431
"../../../Engine/Plugins/Animation/ControlRig/Content/Controls/ControlRig_Arrow2_3mm.uexp" 432
"../../../Engine/Plugins/Animation/ControlRig/Content/Controls/ControlRig_Arrow2_1mm.uasset" 433
"../../../Engine/Plugins/Animation/ControlRig/Content/Controls/ControlRig_Arrow2_1mm.uexp" 434
"../../../Engine/Plugins/Animation/ControlRig/Content/Controls/ControlRigGizmoMaterial.uasset" 435
"../../../Engine/Plugins/Animation/ControlRig/Content/Controls/ControlRigGizmoMaterial.uexp" 436
"../../../Engine/Plugins/Editor/SpeedTreeImporter/Content/SpeedTree9/game_wind_noise.ubulk" 437
"../../../Engine/Plugins/Editor/SpeedTreeImporter/Content/SpeedTree9/game_wind_noise.uasset" 438
"../../../Engine/Plugins/Editor/SpeedTreeImporter/Content/SpeedTree9/game_wind_noise.uexp" 439
"../../../Engine/Plugins/Editor/SpeedTreeImporter/Content/SpeedTree9/UnpackDirection.uasset" 440
"../../../Engine/Plugins/Editor/SpeedTreeImporter/Content/SpeedTree9/UnpackDirection.uexp" 441
"../../../Engine/Content/Functions/Engine_MaterialFunctions02/ObjectLocalBounds.uasset" 442
"../../../Engine/Content/Functions/Engine_MaterialFunctions02/ObjectLocalBounds.uexp" 443
"../../../Engine/Content/Functions/Engine_MaterialFunctions02/UVs/BoundingBoxBased_0-1_UVW.uasset" 444
"../../../Engine/Content/Functions/Engine_MaterialFunctions02/UVs/BoundingBoxBased_0-1_UVW.uexp" 445
"../../../Engine/Content/Functions/Engine_MaterialFunctions02/Utility/VectorLength.uasset" 446
"../../../Engine/Content/Functions/Engine_MaterialFunctions02/Utility/VectorLength.uexp" 447
"../../../Engine/Plugins/Editor/SpeedTreeImporter/Content/SpeedTree9/UnpackInteger3.uasset" 448
"../../../Engine/Plugins/Editor/SpeedTreeImporter/Content/SpeedTree9/UnpackInteger3.uexp" 449
"../../../Engine/Plugins/Editor/SpeedTreeImporter/Content/SpeedTree9/SpeedTreeCameraFacing.uasset" 450
"../../../Engine/Plugins/Editor/SpeedTreeImporter/Content/SpeedTree9/SpeedTreeCameraFacing.uexp" 451
"../../../Engine/Content/Functions/Engine_MaterialFunctions02/WorldPositionOffset/ObjectScale.uasset" 452
"../../../Engine/Content/Functions/Engine_MaterialFunctions02/WorldPositionOffset/ObjectScale.uexp" 453
"../../../Engine/Content/Functions/Engine_MaterialFunctions02/SafeNormalize.uasset" 454
"../../../Engine/Content/Functions/Engine_MaterialFunctions02/SafeNormalize.uexp" 455
"../../../Engine/Plugins/Editor/SpeedTreeImporter/Content/SpeedTree9/SpeedTreeWindMotion.uasset" 456
"../../../Engine/Plugins/Editor/SpeedTreeImporter/Content/SpeedTree9/SpeedTreeWindMotion.uexp" 457
"../../../Engine/Plugins/Editor/SpeedTreeImporter/Content/SpeedTree9/SpeedTreeBranchMotion.uasset" 458
"../../../Engine/Plugins/Editor/SpeedTreeImporter/Content/SpeedTree9/SpeedTreeBranchMotion.uexp" 459
"../../../Engine/Plugins/Editor/SpeedTreeImporter/Content/SpeedTree9/SpeedTreeWind.uasset" 460
"../../../Engine/Plugins/Editor/SpeedTreeImporter/Content/SpeedTree9/SpeedTreeWind.uexp" 461
"../../../Engine/Plugins/Editor/SpeedTreeImporter/Content/SpeedTree9/EmptyNormal.uasset" 462
"../../../Engine/Plugins/Editor/SpeedTreeImporter/Content/SpeedTree9/EmptyNormal.uexp" 463
"../../../Engine/Plugins/Editor/SpeedTreeImporter/Content/SpeedTree9/Empty.uasset" 464
"../../../Engine/Plugins/Editor/SpeedTreeImporter/Content/SpeedTree9/Empty.uexp" 465
"../../../Engine/Plugins/Editor/SpeedTreeImporter/Content/SpeedTree9/SpeedTreeMaster.uasset" 466
"../../../Engine/Plugins/Editor/SpeedTreeImporter/Content/SpeedTree9/SpeedTreeMaster.uexp" 467
"../../../Engine/Plugins/Editor/SpeedTreeImporter/Content/SpeedTree9/SpeedTreeBillboard.uasset" 468
"../../../Engine/Plugins/Editor/SpeedTreeImporter/Content/SpeedTree9/SpeedTreeBillboard.uexp" 469
"../../../Engine/Plugins/Editor/SpeedTreeImporter/Content/SpeedTree9/SpeedTreeBillboardMaster.uasset" 470
"../../../Engine/Plugins/Editor/SpeedTreeImporter/Content/SpeedTree9/SpeedTreeBillboardMaster.uexp" 471
"../../../Engine/Plugins/Runtime/HairStrands/Content/Materials/HairMeshesDefaultMaterial.uasset" 472
"../../../Engine/Plugins/Runtime/HairStrands/Content/Materials/HairMeshesDefaultMaterial.uexp" 473
"../../../Engine/Plugins/Runtime/HairStrands/Content/Materials/HairDefaultMaterial.uasset" 474
"../../../Engine/Plugins/Runtime/HairStrands/Content/Materials/HairDefaultMaterial.uexp" 475
"../../../Engine/Plugins/Runtime/HairStrands/Content/Materials/HairGroupColors.uasset" 476
"../../../Engine/Plugins/Runtime/HairStrands/Content/Materials/HairGroupColors.uexp" 477
"../../../Engine/Content/EngineMaterials/HairColorMap.uasset" 478
"../../../Engine/Content/EngineMaterials/HairColorMap.uexp" 479
"../../../Engine/Content/EngineMaterials/HairDebugColor.uasset" 480
"../../../Engine/Content/EngineMaterials/HairDebugColor.uexp" 481
"../../../Engine/Plugins/Runtime/HairStrands/Content/Materials/HairDebugMaterial.uasset" 482
"../../../Engine/Plugins/Runtime/HairStrands/Content/Materials/HairDebugMaterial.uexp" 483
"../../../Engine/Plugins/Runtime/HairStrands/Content/Materials/HairCardsDefaultMaterial.uasset" 484
"../../../Engine/Plugins/Runtime/HairStrands/Content/Materials/HairCardsDefaultMaterial.uexp" 485
"../../../Engine/Plugins/Runtime/Oculus/OculusVR/Content/Materials/PokeAHoleMaterial.uasset" 486
"../../../Engine/Plugins/Runtime/Oculus/OculusVR/Content/Materials/PokeAHoleMaterial.uexp" 487
"../../../Engine/Plugins/Runtime/Oculus/OculusVR/Content/Materials/OculusMR_OpaqueColoredMaterial.uasset" 488
"../../../Engine/Plugins/Runtime/Oculus/OculusVR/Content/Materials/OculusMR_OpaqueColoredMaterial.uexp" 489
"../../../Engine/Content/Functions/Engine_MaterialFunctions02/Utility/BreakOutFloat4Components.uasset" 490
"../../../Engine/Content/Functions/Engine_MaterialFunctions02/Utility/BreakOutFloat4Components.uexp" 491
"../../../Engine/Plugins/Runtime/Oculus/OculusVR/Content/Materials/OculusMR_ChromaKey.uasset" 492
"../../../Engine/Plugins/Runtime/Oculus/OculusVR/Content/Materials/OculusMR_ChromaKey.uexp" 493
"../../../Engine/Plugins/Runtime/Oculus/OculusVR/Content/Textures/TouchForQuestRiftSController_albedo.ubulk" 494
"../../../Engine/Plugins/Runtime/Oculus/OculusVR/Content/Textures/TouchForQuestRiftSController_albedo.uasset" 495
"../../../Engine/Plugins/Runtime/Oculus/OculusVR/Content/Textures/TouchForQuestRiftSController_albedo.uexp" 496
"../../../Engine/Plugins/Runtime/Oculus/OculusVR/Content/Materials/TouchForQuestRiftSControllerMaterial.uasset" 497
"../../../Engine/Plugins/Runtime/Oculus/OculusVR/Content/Materials/TouchForQuestRiftSControllerMaterial.uexp" 498
"../../../Engine/Plugins/Runtime/Oculus/OculusVR/Content/Meshes/RightTouchForQuestRiftSController.uasset" 499
"../../../Engine/Plugins/Runtime/Oculus/OculusVR/Content/Meshes/RightTouchForQuestRiftSController.uexp" 500
"../../../Engine/Plugins/Runtime/Oculus/OculusVR/Content/Textures/touchController_albedo.ubulk" 501
"../../../Engine/Plugins/Runtime/Oculus/OculusVR/Content/Textures/touchController_albedo.uasset" 502
"../../../Engine/Plugins/Runtime/Oculus/OculusVR/Content/Textures/touchController_albedo.uexp" 503
"../../../Engine/Plugins/Runtime/Oculus/OculusVR/Content/Textures/touchController_controlmap.ubulk" 504
"../../../Engine/Plugins/Runtime/Oculus/OculusVR/Content/Textures/touchController_controlmap.uasset" 505
"../../../Engine/Plugins/Runtime/Oculus/OculusVR/Content/Textures/touchController_controlmap.uexp" 506
"../../../Engine/Plugins/Runtime/Oculus/OculusVR/Content/Materials/touchController_mat.uasset" 507
"../../../Engine/Plugins/Runtime/Oculus/OculusVR/Content/Materials/touchController_mat.uexp" 508
"../../../Engine/Plugins/Runtime/Oculus/OculusVR/Content/Meshes/RightTouchController.uasset" 509
"../../../Engine/Plugins/Runtime/Oculus/OculusVR/Content/Meshes/RightTouchController.uexp" 510
"../../../Engine/Plugins/Runtime/Oculus/OculusVR/Content/Meshes/RiftHMD.uasset" 511
"../../../Engine/Plugins/Runtime/Oculus/OculusVR/Content/Meshes/RiftHMD.uexp" 512
"../../../Engine/Plugins/Runtime/Oculus/OculusVR/Content/Meshes/LeftTouchForQuestRiftSController.uasset" 513
"../../../Engine/Plugins/Runtime/Oculus/OculusVR/Content/Meshes/LeftTouchForQuestRiftSController.uexp" 514
"../../../Engine/Plugins/Runtime/Oculus/OculusVR/Content/Meshes/LeftTouchController.uasset" 515
"../../../Engine/Plugins/Runtime/Oculus/OculusVR/Content/Meshes/LeftTouchController.uexp" 516
"../../../Engine/Content/EngineResources/Black.uasset" 517
"../../../Engine/Content/EngineResources/Black.uexp" 518
"../../../Engine/Plugins/Runtime/OpenXR/Content/Devices/M_XRController.uasset" 519
"../../../Engine/Plugins/Runtime/OpenXR/Content/Devices/M_XRController.uexp" 520
"../../../Engine/Plugins/Runtime/OpenXR/Content/Devices/HTCVive/BaseTexture.ubulk" 521
"../../../Engine/Plugins/Runtime/OpenXR/Content/Devices/HTCVive/BaseTexture.uasset" 522
"../../../Engine/Plugins/Runtime/OpenXR/Content/Devices/HTCVive/BaseTexture.uexp" 523
"../../../Engine/Plugins/Runtime/OpenXR/Content/Devices/HTCVive/MI_HTCVive.uasset" 524
"../../../Engine/Plugins/Runtime/OpenXR/Content/Devices/HTCVive/MI_HTCVive.uexp" 525
"../../../Engine/Plugins/Runtime/OpenXR/Content/Devices/HTCVive/HTCViveController.uasset" 526
"../../../Engine/Plugins/Runtime/OpenXR/Content/Devices/HTCVive/HTCViveController.uexp" 527
"../../../Engine/Plugins/Runtime/OpenXR/Content/Devices/MicrosoftMixedReality/NormalTexture.ubulk" 528
"../../../Engine/Plugins/Runtime/OpenXR/Content/Devices/MicrosoftMixedReality/NormalTexture.uasset" 529
"../../../Engine/Plugins/Runtime/OpenXR/Content/Devices/MicrosoftMixedReality/NormalTexture.uexp" 530
"../../../Engine/Plugins/Runtime/OpenXR/Content/Devices/MicrosoftMixedReality/EmissiveTexture.ubulk" 531
"../../../Engine/Plugins/Runtime/OpenXR/Content/Devices/MicrosoftMixedReality/EmissiveTexture.uasset" 532
"../../../Engine/Plugins/Runtime/OpenXR/Content/Devices/MicrosoftMixedReality/EmissiveTexture.uexp" 533
"../../../Engine/Plugins/Runtime/OpenXR/Content/Devices/MicrosoftMixedReality/BaseTexture.ubulk" 534
"../../../Engine/Plugins/Runtime/OpenXR/Content/Devices/MicrosoftMixedReality/BaseTexture.uasset" 535
"../../../Engine/Plugins/Runtime/OpenXR/Content/Devices/MicrosoftMixedReality/BaseTexture.uexp" 536
"../../../Engine/Plugins/Runtime/OpenXR/Content/Devices/MicrosoftMixedReality/MRTexture.ubulk" 537
"../../../Engine/Plugins/Runtime/OpenXR/Content/Devices/MicrosoftMixedReality/MRTexture.uasset" 538
"../../../Engine/Plugins/Runtime/OpenXR/Content/Devices/MicrosoftMixedReality/MRTexture.uexp" 539
"../../../Engine/Plugins/Runtime/OpenXR/Content/Devices/MicrosoftMixedReality/MI_MicrosoftMixedReality.uasset" 540
"../../../Engine/Plugins/Runtime/OpenXR/Content/Devices/MicrosoftMixedReality/MI_MicrosoftMixedReality.uexp" 541
"../../../Engine/Plugins/Runtime/OpenXR/Content/Devices/MicrosoftMixedReality/Left/left_MicrosoftMixedRealityController.uasset" 542
"../../../Engine/Plugins/Runtime/OpenXR/Content/Devices/MicrosoftMixedReality/Left/left_MicrosoftMixedRealityController.uexp" 543
"../../../Engine/Plugins/Runtime/OpenXR/Content/Devices/MicrosoftMixedReality/Right/right_MicrosoftMixedRealityController.uasset" 544
"../../../Engine/Plugins/Runtime/OpenXR/Content/Devices/MicrosoftMixedReality/Right/right_MicrosoftMixedRealityController.uexp" 545
"../../../Engine/Plugins/Runtime/OpenXR/Content/Devices/OculusGo/BaseTexture.ubulk" 546
"../../../Engine/Plugins/Runtime/OpenXR/Content/Devices/OculusGo/BaseTexture.uasset" 547
"../../../Engine/Plugins/Runtime/OpenXR/Content/Devices/OculusGo/BaseTexture.uexp" 548
"../../../Engine/Plugins/Runtime/OpenXR/Content/Devices/OculusGo/MI_OculusGo.uasset" 549
"../../../Engine/Plugins/Runtime/OpenXR/Content/Devices/OculusGo/MI_OculusGo.uexp" 550
"../../../Engine/Plugins/Runtime/OpenXR/Content/Devices/OculusGo/OculusGoController.uasset" 551
"../../../Engine/Plugins/Runtime/OpenXR/Content/Devices/OculusGo/OculusGoController.uexp" 552
"../../../Engine/Plugins/Runtime/OpenXR/Content/Devices/OculusTouch/BaseTexture.ubulk" 553
"../../../Engine/Plugins/Runtime/OpenXR/Content/Devices/OculusTouch/BaseTexture.uasset" 554
"../../../Engine/Plugins/Runtime/OpenXR/Content/Devices/OculusTouch/BaseTexture.uexp" 555
"../../../Engine/Plugins/Runtime/OpenXR/Content/Devices/OculusTouch/MRTexture.ubulk" 556
"../../../Engine/Plugins/Runtime/OpenXR/Content/Devices/OculusTouch/MRTexture.uasset" 557
"../../../Engine/Plugins/Runtime/OpenXR/Content/Devices/OculusTouch/MRTexture.uexp" 558
"../../../Engine/Plugins/Runtime/OpenXR/Content/Devices/OculusTouch/MI_OculusTouch.uasset" 559
"../../../Engine/Plugins/Runtime/OpenXR/Content/Devices/OculusTouch/MI_OculusTouch.uexp" 560
"../../../Engine/Plugins/Runtime/OpenXR/Content/Devices/OculusTouch/Left/left_OculusTouchController.uasset" 561
"../../../Engine/Plugins/Runtime/OpenXR/Content/Devices/OculusTouch/Left/left_OculusTouchController.uexp" 562
"../../../Engine/Plugins/Runtime/OpenXR/Content/Devices/OculusTouch/Right/right_OculusTouchController.uasset" 563
"../../../Engine/Plugins/Runtime/OpenXR/Content/Devices/OculusTouch/Right/right_OculusTouchController.uexp" 564
"../../../Engine/Plugins/Runtime/OpenXR/Content/Devices/OculusTouch_v3/MRTexture.ubulk" 565
"../../../Engine/Plugins/Runtime/OpenXR/Content/Devices/OculusTouch_v3/MRTexture.uasset" 566
"../../../Engine/Plugins/Runtime/OpenXR/Content/Devices/OculusTouch_v3/MRTexture.uexp" 567
"../../../Engine/Plugins/Runtime/OpenXR/Content/Devices/OculusTouch_v3/BaseTexture.ubulk" 568
"../../../Engine/Plugins/Runtime/OpenXR/Content/Devices/OculusTouch_v3/BaseTexture.uasset" 569
"../../../Engine/Plugins/Runtime/OpenXR/Content/Devices/OculusTouch_v3/BaseTexture.uexp" 570
"../../../Engine/Plugins/Runtime/OpenXR/Content/Devices/OculusTouch_v3/MI_OculusTouch_v3.uasset" 571
"../../../Engine/Plugins/Runtime/OpenXR/Content/Devices/OculusTouch_v3/MI_OculusTouch_v3.uexp" 572
"../../../Engine/Plugins/Runtime/OpenXR/Content/Devices/OculusTouch_v3/Left/left_OculusTouch_v3Controller.uasset" 573
"../../../Engine/Plugins/Runtime/OpenXR/Content/Devices/OculusTouch_v3/Left/left_OculusTouch_v3Controller.uexp" 574
"../../../Engine/Plugins/Runtime/OpenXR/Content/Devices/OculusTouch_v3/Right/right_OculusTouch_v3Controller.uasset" 575
"../../../Engine/Plugins/Runtime/OpenXR/Content/Devices/OculusTouch_v3/Right/right_OculusTouch_v3Controller.uexp" 576
"../../../Engine/Plugins/Runtime/OpenXR/Content/Devices/ValveIndex/MRTexture.ubulk" 577
"../../../Engine/Plugins/Runtime/OpenXR/Content/Devices/ValveIndex/MRTexture.uasset" 578
"../../../Engine/Plugins/Runtime/OpenXR/Content/Devices/ValveIndex/MRTexture.uexp" 579
"../../../Engine/Plugins/Runtime/OpenXR/Content/Devices/ValveIndex/BaseTexture.ubulk" 580
"../../../Engine/Plugins/Runtime/OpenXR/Content/Devices/ValveIndex/BaseTexture.uasset" 581
"../../../Engine/Plugins/Runtime/OpenXR/Content/Devices/ValveIndex/BaseTexture.uexp" 582
"../../../Engine/Plugins/Runtime/OpenXR/Content/Devices/ValveIndex/Left/MI_left_ValveIndex.uasset" 583
"../../../Engine/Plugins/Runtime/OpenXR/Content/Devices/ValveIndex/Left/MI_left_ValveIndex.uexp" 584
"../../../Engine/Plugins/Runtime/OpenXR/Content/Devices/ValveIndex/Left/left_ValveIndexController.uasset" 585
"../../../Engine/Plugins/Runtime/OpenXR/Content/Devices/ValveIndex/Left/left_ValveIndexController.uexp" 586
"../../../Engine/Plugins/Runtime/OpenXR/Content/Devices/ValveIndex/Right/MI_right_ValveIndex.uasset" 587
"../../../Engine/Plugins/Runtime/OpenXR/Content/Devices/ValveIndex/Right/MI_right_ValveIndex.uexp" 588
"../../../Engine/Plugins/Runtime/OpenXR/Content/Devices/ValveIndex/Right/right_ValveIndexController.uasset" 589
"../../../Engine/Plugins/Runtime/OpenXR/Content/Devices/ValveIndex/Right/right_ValveIndexController.uexp" 590
"../../../Engine/Content/Maps/Entry_BuiltData.uasset" 591
"../../../Engine/Content/Maps/Entry_BuiltData.uexp" 592
"../../../Engine/Content/Maps/Entry.uexp" 593
"../../../Engine/Content/Maps/Entry.umap" 594
"E:/Unreal Projects/StarWarsTraining_UE5/Content/VRTemplate/Textures/T_Grid.ubulk" 595
"E:/Unreal Projects/StarWarsTraining_UE5/Content/VRTemplate/Textures/T_Grid.uasset" 596
"E:/Unreal Projects/StarWarsTraining_UE5/Content/VRTemplate/Textures/T_Grid.uexp" 597
"../../../Engine/Content/Functions/Engine_MaterialFunctions02/Utility/AppendMany.uasset" 598
"../../../Engine/Content/Functions/Engine_MaterialFunctions02/Utility/AppendMany.uexp" 599
"../../../Engine/Content/Functions/Engine_MaterialFunctions01/Gradient/LinearGradient.uasset" 600
"../../../Engine/Content/Functions/Engine_MaterialFunctions01/Gradient/LinearGradient.uexp" 601
"../../../Engine/Content/Functions/Engine_MaterialFunctions01/ImageAdjustment/CheapContrast.uasset" 602
"../../../Engine/Content/Functions/Engine_MaterialFunctions01/ImageAdjustment/CheapContrast.uexp" 603
"../../../Engine/Content/Functions/Engine_MaterialFunctions01/Texturing/WorldAlignedTexture.uasset" 604
"../../../Engine/Content/Functions/Engine_MaterialFunctions01/Texturing/WorldAlignedTexture.uexp" 605
"E:/Unreal Projects/StarWarsTraining_UE5/Content/VRTemplate/Materials/M_GridRotation.uasset" 606
"E:/Unreal Projects/StarWarsTraining_UE5/Content/VRTemplate/Materials/M_GridRotation.uexp" 607
"E:/Unreal Projects/StarWarsTraining_UE5/Content/VRTemplate/Materials/MI_Grid_Accent.uasset" 608
"E:/Unreal Projects/StarWarsTraining_UE5/Content/VRTemplate/Materials/MI_Grid_Accent.uexp" 609
"E:/Unreal Projects/StarWarsTraining_UE5/Content/VRTemplate/Blueprints/VRInteractionBPI.uasset" 610
"E:/Unreal Projects/StarWarsTraining_UE5/Content/VRTemplate/Blueprints/VRInteractionBPI.uexp" 611
"E:/Unreal Projects/StarWarsTraining_UE5/Content/VRTemplate/Haptics/GrabHapticEffect.uasset" 612
"E:/Unreal Projects/StarWarsTraining_UE5/Content/VRTemplate/Haptics/GrabHapticEffect.uexp" 613
"E:/Unreal Projects/StarWarsTraining_UE5/Content/VRTemplate/Blueprints/GrabType.uasset" 614
"E:/Unreal Projects/StarWarsTraining_UE5/Content/VRTemplate/Blueprints/GrabType.uexp" 615
"E:/Unreal Projects/StarWarsTraining_UE5/Content/VRTemplate/Blueprints/GrabComponent.uasset" 616
"E:/Unreal Projects/StarWarsTraining_UE5/Content/VRTemplate/Blueprints/GrabComponent.uexp" 617
"../../../Engine/Content/EngineSky/C_Sky_Horizon_Color.uasset" 618
"../../../Engine/Content/EngineSky/C_Sky_Horizon_Color.uexp" 619
"../../../Engine/Content/EngineSky/T_Sky_Stars.ubulk" 620
"../../../Engine/Content/EngineSky/T_Sky_Stars.uasset" 621
"../../../Engine/Content/EngineSky/T_Sky_Stars.uexp" 622
"../../../Engine/Content/EngineSky/T_Sky_Clouds_M.ubulk" 623
"../../../Engine/Content/EngineSky/T_Sky_Clouds_M.uasset" 624
"../../../Engine/Content/EngineSky/T_Sky_Clouds_M.uexp" 625
"../../../Engine/Content/EngineSky/T_Sky_Blue.ubulk" 626
"../../../Engine/Content/EngineSky/T_Sky_Blue.uasset" 627
"../../../Engine/Content/EngineSky/T_Sky_Blue.uexp" 628
"../../../Engine/Content/EngineSky/M_Sky_Panning_Clouds2.uasset" 629
"../../../Engine/Content/EngineSky/M_Sky_Panning_Clouds2.uexp" 630
"../../../Engine/Content/EngineSky/SM_SkySphere.uasset" 631
"../../../Engine/Content/EngineSky/SM_SkySphere.uexp" 632
"../../../Engine/Content/EngineSky/C_Sky_Cloud_Color.uasset" 633
"../../../Engine/Content/EngineSky/C_Sky_Cloud_Color.uexp" 634
"../../../Engine/Content/EngineSky/C_Sky_Zenith_Color.uasset" 635
"../../../Engine/Content/EngineSky/C_Sky_Zenith_Color.uexp" 636
"../../../Engine/Content/EditorBlueprintResources/StandardMacros.uasset" 637
"../../../Engine/Content/EditorBlueprintResources/StandardMacros.uexp" 638
"../../../Engine/Content/EngineSky/BP_Sky_Sphere.uasset" 639
"../../../Engine/Content/EngineSky/BP_Sky_Sphere.uexp" 640
"E:/Unreal Projects/StarWarsTraining_UE5/Content/VRTemplate/Materials/MI_Grid_Default.uasset" 641
"E:/Unreal Projects/StarWarsTraining_UE5/Content/VRTemplate/Materials/MI_Grid_Default.uexp" 642
"E:/Unreal Projects/StarWarsTraining_UE5/Content/LevelPrototyping/Textures/T_GridChecker_A.ubulk" 643
"E:/Unreal Projects/StarWarsTraining_UE5/Content/LevelPrototyping/Textures/T_GridChecker_A.uasset" 644
"E:/Unreal Projects/StarWarsTraining_UE5/Content/LevelPrototyping/Textures/T_GridChecker_A.uexp" 645
"E:/Unreal Projects/StarWarsTraining_UE5/Content/LevelPrototyping/Materials/MF_ProcGrid.uasset" 646
"E:/Unreal Projects/StarWarsTraining_UE5/Content/LevelPrototyping/Materials/MF_ProcGrid.uexp" 647
"E:/Unreal Projects/StarWarsTraining_UE5/Content/LevelPrototyping/Materials/M_PrototypeGrid.uasset" 648
"E:/Unreal Projects/StarWarsTraining_UE5/Content/LevelPrototyping/Materials/M_PrototypeGrid.uexp" 649
"E:/Unreal Projects/StarWarsTraining_UE5/Content/LevelPrototyping/Materials/MI_PrototypeGrid_Gray.uasset" 650
"E:/Unreal Projects/StarWarsTraining_UE5/Content/LevelPrototyping/Materials/MI_PrototypeGrid_Gray.uexp" 651
"E:/Unreal Projects/StarWarsTraining_UE5/Content/LevelPrototyping/Meshes/SM_Cube.uasset" 652
"E:/Unreal Projects/StarWarsTraining_UE5/Content/LevelPrototyping/Meshes/SM_Cube.uexp" 653
"E:/Unreal Projects/StarWarsTraining_UE5/Content/LevelPrototyping/Materials/M_Solid.uasset" 654
"E:/Unreal Projects/StarWarsTraining_UE5/Content/LevelPrototyping/Materials/M_Solid.uexp" 655
"E:/Unreal Projects/StarWarsTraining_UE5/Content/LevelPrototyping/Materials/MI_Solid_Blue.uasset" 656
"E:/Unreal Projects/StarWarsTraining_UE5/Content/LevelPrototyping/Materials/MI_Solid_Blue.uexp" 657
"E:/Unreal Projects/StarWarsTraining_UE5/Content/LevelPrototyping/Meshes/SM_ChamferCube.uasset" 658
"E:/Unreal Projects/StarWarsTraining_UE5/Content/LevelPrototyping/Meshes/SM_ChamferCube.uexp" 659
"../../../Engine/Plugins/Runtime/OpenXR/Content/Devices/OculusTouch_v2/BaseTexture.ubulk" 660
"../../../Engine/Plugins/Runtime/OpenXR/Content/Devices/OculusTouch_v2/BaseTexture.uasset" 661
"../../../Engine/Plugins/Runtime/OpenXR/Content/Devices/OculusTouch_v2/BaseTexture.uexp" 662
"../../../Engine/Plugins/Runtime/OpenXR/Content/Devices/OculusTouch_v2/MRTexture.ubulk" 663
"../../../Engine/Plugins/Runtime/OpenXR/Content/Devices/OculusTouch_v2/MRTexture.uasset" 664
"../../../Engine/Plugins/Runtime/OpenXR/Content/Devices/OculusTouch_v2/MRTexture.uexp" 665
"../../../Engine/Plugins/Runtime/OpenXR/Content/Devices/OculusTouch_v2/MI_OculusTouch_v2.uasset" 666
"../../../Engine/Plugins/Runtime/OpenXR/Content/Devices/OculusTouch_v2/MI_OculusTouch_v2.uexp" 667
"../../../Engine/Plugins/Runtime/OpenXR/Content/Devices/OculusTouch_v2/Right/right_OculusTouch_v2Controller.uasset" 668
"../../../Engine/Plugins/Runtime/OpenXR/Content/Devices/OculusTouch_v2/Right/right_OculusTouch_v2Controller.uexp" 669
"../../../Engine/Plugins/Runtime/OpenXR/Content/Devices/OculusTouch_v2/Left/left_OculusTouch_v2Controller.uasset" 670
"../../../Engine/Plugins/Runtime/OpenXR/Content/Devices/OculusTouch_v2/Left/left_OculusTouch_v2Controller.uexp" 671
"../../../Engine/Plugins/FX/Niagara/Content/Enums/ENiagara_MassInitializationMode.uasset" 672
"../../../Engine/Plugins/FX/Niagara/Content/Enums/ENiagara_MassInitializationMode.uexp" 673
"../../../Engine/Plugins/FX/Niagara/Content/Enums/ENiagaraRandomnessMode.uasset" 674
"../../../Engine/Plugins/FX/Niagara/Content/Enums/ENiagaraRandomnessMode.uexp" 675
"../../../Engine/Plugins/FX/Niagara/Content/Enums/ENiagaraRandomnessEvaluation.uasset" 676
"../../../Engine/Plugins/FX/Niagara/Content/Enums/ENiagaraRandomnessEvaluation.uexp" 677
"../../../Engine/Plugins/FX/Niagara/Content/Functions/V2/CalculateRandomRangeInteger.uasset" 678
"../../../Engine/Plugins/FX/Niagara/Content/Functions/V2/CalculateRandomRangeInteger.uexp" 679
"../../../Engine/Plugins/FX/Niagara/Content/Enums/ENiagaraArraySamplingMode.uasset" 680
"../../../Engine/Plugins/FX/Niagara/Content/Enums/ENiagaraArraySamplingMode.uexp" 681
"../../../Engine/Plugins/FX/Niagara/Content/Enums/ENiagara_WrapClamp.uasset" 682
"../../../Engine/Plugins/FX/Niagara/Content/Enums/ENiagara_WrapClamp.uexp" 683
"../../../Engine/Plugins/FX/Niagara/Content/DynamicInputs/Arrays/SelectVectorFromArray.uasset" 684
"../../../Engine/Plugins/FX/Niagara/Content/DynamicInputs/Arrays/SelectVectorFromArray.uexp" 685
"../../../Engine/Plugins/FX/Niagara/Content/Enums/ENiagara_PositionInitializationMode.uasset" 686
"../../../Engine/Plugins/FX/Niagara/Content/Enums/ENiagara_PositionInitializationMode.uexp" 687
"../../../Engine/Plugins/FX/Niagara/Content/DynamicInputs/Multiply/Multiply_VectorByFloat.uasset" 688
"../../../Engine/Plugins/FX/Niagara/Content/DynamicInputs/Multiply/Multiply_VectorByFloat.uexp" 689
"../../../Engine/Plugins/FX/Niagara/Content/DynamicInputs/Execution/ReturnExecIndex.uasset" 690
"../../../Engine/Plugins/FX/Niagara/Content/DynamicInputs/Execution/ReturnExecIndex.uexp" 691
"../../../Engine/Plugins/FX/Niagara/Content/Functions/NormalizedExecutionIndex.uasset" 692
"../../../Engine/Plugins/FX/Niagara/Content/Functions/NormalizedExecutionIndex.uexp" 693
"../../../Engine/Plugins/FX/Niagara/Content/DynamicInputs/Execution/ReturnNormalizedExecIndex.uasset" 694
"../../../Engine/Plugins/FX/Niagara/Content/DynamicInputs/Execution/ReturnNormalizedExecIndex.uexp" 695
"../../../Engine/Plugins/FX/Niagara/Content/Enums/ENiagara_LifetimeMode.uasset" 696
"../../../Engine/Plugins/FX/Niagara/Content/Enums/ENiagara_LifetimeMode.uexp" 697
"../../../Engine/Plugins/FX/Niagara/Content/Enums/ENiagaraEmitterLifeCycleMode.uasset" 698
"../../../Engine/Plugins/FX/Niagara/Content/Enums/ENiagaraEmitterLifeCycleMode.uexp" 699
"../../../Engine/Plugins/FX/Niagara/Content/Functions/Emitter/EmitterChangeState.uasset" 700
"../../../Engine/Plugins/FX/Niagara/Content/Functions/Emitter/EmitterChangeState.uexp" 701
"../../../Engine/Plugins/FX/Niagara/Content/Enums/ENiagara_InfiniteLoopDuration.uasset" 702
"../../../Engine/Plugins/FX/Niagara/Content/Enums/ENiagara_InfiniteLoopDuration.uexp" 703
"../../../Engine/Plugins/FX/Niagara/Content/Enums/ENiagara_EmitterStateOptions.uasset" 704
"../../../Engine/Plugins/FX/Niagara/Content/Enums/ENiagara_EmitterStateOptions.uexp" 705
"../../../Engine/Plugins/FX/Niagara/Content/Enums/ENiagaraInactiveMode.uasset" 706
"../../../Engine/Plugins/FX/Niagara/Content/Enums/ENiagaraInactiveMode.uexp" 707
"../../../Engine/Plugins/FX/Niagara/Content/Enums/ENiagaraExecutionStateManagement.uasset" 708
"../../../Engine/Plugins/FX/Niagara/Content/Enums/ENiagaraExecutionStateManagement.uexp" 709
"../../../Engine/Plugins/FX/Niagara/Content/Enums/ENiagaraEmitterScalabilityMode_Limited.uasset" 710
"../../../Engine/Plugins/FX/Niagara/Content/Enums/ENiagaraEmitterScalabilityMode_Limited.uexp" 711
"../../../Engine/Plugins/FX/Niagara/Content/Modules/Emitter/EmitterState.uasset" 712
"../../../Engine/Plugins/FX/Niagara/Content/Modules/Emitter/EmitterState.uexp" 713
"../../../Engine/Plugins/FX/Niagara/Content/Functions/V2/CalculateRandomRangeFloat.uasset" 714
"../../../Engine/Plugins/FX/Niagara/Content/Functions/V2/CalculateRandomRangeFloat.uexp" 715
"../../../Engine/Plugins/FX/Niagara/Content/Modules/Emitter/SpawnBurst_Instantaneous.uasset" 716
"../../../Engine/Plugins/FX/Niagara/Content/Modules/Emitter/SpawnBurst_Instantaneous.uexp" 717
"../../../Engine/Plugins/FX/Niagara/Content/DynamicInputs/Multiply/Multiply_Vector.uasset" 718
"../../../Engine/Plugins/FX/Niagara/Content/DynamicInputs/Multiply/Multiply_Vector.uexp" 719
"../../../Engine/Plugins/FX/Niagara/Content/Functions/GetRandomInfo.uasset" 720
"../../../Engine/Plugins/FX/Niagara/Content/Functions/GetRandomInfo.uexp" 721
"../../../Engine/Plugins/FX/Niagara/Content/Functions/RandomRangeFloat.uasset" 722
"../../../Engine/Plugins/FX/Niagara/Content/Functions/RandomRangeFloat.uexp" 723
"../../../Engine/Plugins/FX/Niagara/Content/Functions/Localspace/SimulationPosition.uasset" 724
"../../../Engine/Plugins/FX/Niagara/Content/Functions/Localspace/SimulationPosition.uexp" 725
"../../../Engine/Plugins/FX/Niagara/Content/Functions/Localspace/TransformBase.uasset" 726
"../../../Engine/Plugins/FX/Niagara/Content/Functions/Localspace/TransformBase.uexp" 727
"../../../Engine/Plugins/FX/Niagara/Content/Functions/Localspace/TransformVector.uasset" 728
"../../../Engine/Plugins/FX/Niagara/Content/Functions/Localspace/TransformVector.uexp" 729
"../../../Engine/Plugins/FX/Niagara/Content/Functions/V2/CalculateRandomRange.uasset" 730
"../../../Engine/Plugins/FX/Niagara/Content/Functions/V2/CalculateRandomRange.uexp" 731
"../../../Engine/Plugins/FX/Niagara/Content/Enums/Ribbons/ENiagara_UnsetDirectSet.uasset" 732
"../../../Engine/Plugins/FX/Niagara/Content/Enums/Ribbons/ENiagara_UnsetDirectSet.uexp" 733
"../../../Engine/Plugins/FX/Niagara/Content/Enums/ENiagara_ColorInitializationMode.uasset" 734
"../../../Engine/Plugins/FX/Niagara/Content/Enums/ENiagara_ColorInitializationMode.uexp" 735
"../../../Engine/Plugins/FX/Niagara/Content/Functions/LinearColor/HueShiftLinearColor.uasset" 736
"../../../Engine/Plugins/FX/Niagara/Content/Functions/LinearColor/HueShiftLinearColor.uexp" 737
"../../../Engine/Plugins/FX/Niagara/Content/Enums/ENiagaraChannelCorrelation.uasset" 738
"../../../Engine/Plugins/FX/Niagara/Content/Enums/ENiagaraChannelCorrelation.uexp" 739
"../../../Engine/Plugins/FX/Niagara/Content/Modules/Spawn/Initialization/InitializeRibbon.uasset" 740
"../../../Engine/Plugins/FX/Niagara/Content/Modules/Spawn/Initialization/InitializeRibbon.uexp" 741
"../../../Engine/Plugins/FX/Niagara/Content/Enums/ENiagaraSystemInactiveMode.uasset" 742
"../../../Engine/Plugins/FX/Niagara/Content/Enums/ENiagaraSystemInactiveMode.uexp" 743
"../../../Engine/Plugins/FX/Niagara/Content/Functions/System/SystemChangeState.uasset" 744
"../../../Engine/Plugins/FX/Niagara/Content/Functions/System/SystemChangeState.uexp" 745
"../../../Engine/Plugins/FX/Niagara/Content/Modules/System/SystemState.uasset" 746
"../../../Engine/Plugins/FX/Niagara/Content/Modules/System/SystemState.uexp" 747
"E:/Unreal Projects/StarWarsTraining_UE5/Content/VRTemplate/VFX/NPC_VRTemplate.uasset" 748
"E:/Unreal Projects/StarWarsTraining_UE5/Content/VRTemplate/VFX/NPC_VRTemplate.uexp" 749
"../../../Engine/Content/EngineMaterials/Good64x64TilingNoiseHighFreq.uasset" 750
"../../../Engine/Content/EngineMaterials/Good64x64TilingNoiseHighFreq.uexp" 751
"../../../Engine/Content/Functions/Engine_MaterialFunctions02/Utility/DepthFromWorldPosition.uasset" 752
"../../../Engine/Content/Functions/Engine_MaterialFunctions02/Utility/DepthFromWorldPosition.uexp" 753
"E:/Unreal Projects/StarWarsTraining_UE5/Content/VRTemplate/Materials/Functions/MF_OccludedPixels.uasset" 754
"E:/Unreal Projects/StarWarsTraining_UE5/Content/VRTemplate/Materials/Functions/MF_OccludedPixels.uexp" 755
"E:/Unreal Projects/StarWarsTraining_UE5/Content/VRTemplate/Materials/M_TeleportNoise.uasset" 756
"E:/Unreal Projects/StarWarsTraining_UE5/Content/VRTemplate/Materials/M_TeleportNoise.uexp" 757
"../../../Engine/Plugins/FX/Niagara/Content/Functions/Math/SaturateFloat.uasset" 758
"../../../Engine/Plugins/FX/Niagara/Content/Functions/Math/SaturateFloat.uexp" 759
"../../../Engine/Plugins/FX/Niagara/Content/Icons/Modules/T_Icon_Particle_InfiniteLife.uasset" 760
"../../../Engine/Plugins/FX/Niagara/Content/Icons/Modules/T_Icon_Particle_InfiniteLife.uexp" 761
"../../../Engine/Plugins/FX/Niagara/Content/Modules/Update/Lifetime/ParticleState.uasset" 762
"../../../Engine/Plugins/FX/Niagara/Content/Modules/Update/Lifetime/ParticleState.uexp" 763
"E:/Unreal Projects/StarWarsTraining_UE5/Content/VRTemplate/VFX/NS_PlayAreaBounds.uasset" 764
"E:/Unreal Projects/StarWarsTraining_UE5/Content/VRTemplate/VFX/NS_PlayAreaBounds.uexp" 765
"../../../Engine/Plugins/FX/Niagara/Content/Enums/ENiagaraTorusDistributionMode.uasset" 766
"../../../Engine/Plugins/FX/Niagara/Content/Enums/ENiagaraTorusDistributionMode.uexp" 767
"../../../Engine/Plugins/FX/Niagara/Content/Enums/ENiagaraTorusMode.uasset" 768
"../../../Engine/Plugins/FX/Niagara/Content/Enums/ENiagaraTorusMode.uexp" 769
"../../../Engine/Plugins/FX/Niagara/Content/Enums/ENiagara_SizeScaleMode.uasset" 770
"../../../Engine/Plugins/FX/Niagara/Content/Enums/ENiagara_SizeScaleMode.uexp" 771
"../../../Engine/Plugins/FX/Niagara/Content/Enums/ENiagara_UVFlippingMode.uasset" 772
"../../../Engine/Plugins/FX/Niagara/Content/Enums/ENiagara_UVFlippingMode.uexp" 773
"../../../Engine/Plugins/FX/Niagara/Content/Enums/Ribbons/ENiagara_UnsetDirectSetRandom.uasset" 774
"../../../Engine/Plugins/FX/Niagara/Content/Enums/Ribbons/ENiagara_UnsetDirectSetRandom.uexp" 775
"../../../Engine/Plugins/FX/Niagara/Content/Functions/V2/CalculateRandomBool.uasset" 776
"../../../Engine/Plugins/FX/Niagara/Content/Functions/V2/CalculateRandomBool.uexp" 777
"../../../Engine/Plugins/FX/Niagara/Content/Enums/ENiagara_SpriteRotationMode.uasset" 778
"../../../Engine/Plugins/FX/Niagara/Content/Enums/ENiagara_SpriteRotationMode.uexp" 779
"../../../Engine/Plugins/FX/Niagara/Content/Modules/Spawn/Initialization/V2/InitializeParticle.uasset" 780
"../../../Engine/Plugins/FX/Niagara/Content/Modules/Spawn/Initialization/V2/InitializeParticle.uexp" 781
"E:/Unreal Projects/StarWarsTraining_UE5/Content/VRTemplate/Materials/M_TeleportCylinder.uasset" 782
"E:/Unreal Projects/StarWarsTraining_UE5/Content/VRTemplate/Materials/M_TeleportCylinder.uexp" 783
"../../../Engine/Content/BasicShapes/Cylinder.uasset" 784
"../../../Engine/Content/BasicShapes/Cylinder.uexp" 785
"../../../Engine/Plugins/FX/Niagara/Content/Functions/DirectionAndLengthSafe.uasset" 786
"../../../Engine/Plugins/FX/Niagara/Content/Functions/DirectionAndLengthSafe.uexp" 787
"../../../Engine/Plugins/FX/Niagara/Content/Functions/Rotation/MultiplyVectorWithQuaternion.uasset" 788
"../../../Engine/Plugins/FX/Niagara/Content/Functions/Rotation/MultiplyVectorWithQuaternion.uexp" 789
"../../../Engine/Plugins/FX/Niagara/Content/Functions/Rotation/MultiplyQuaternion.uasset" 790
"../../../Engine/Plugins/FX/Niagara/Content/Functions/Rotation/MultiplyQuaternion.uexp" 791
"../../../Engine/Plugins/FX/Niagara/Content/Functions/Rotation/FindQuatBetween.uasset" 792
"../../../Engine/Plugins/FX/Niagara/Content/Functions/Rotation/FindQuatBetween.uexp" 793
"../../../Engine/Plugins/FX/Niagara/Content/Functions/RandomRange.uasset" 794
"../../../Engine/Plugins/FX/Niagara/Content/Functions/RandomRange.uexp" 795
"../../../Engine/Plugins/FX/Niagara/Content/Enums/ENiagaraVector4_Channels.uasset" 796
"../../../Engine/Plugins/FX/Niagara/Content/Enums/ENiagaraVector4_Channels.uexp" 797
"../../../Engine/Plugins/FX/Niagara/Content/Functions/ChannelMasks/SelectV4Channel.uasset" 798
"../../../Engine/Plugins/FX/Niagara/Content/Functions/ChannelMasks/SelectV4Channel.uexp" 799
"../../../Engine/Plugins/FX/Niagara/Content/Functions/Localspace/PositionToVector.uasset" 800
"../../../Engine/Plugins/FX/Niagara/Content/Functions/Localspace/PositionToVector.uexp" 801
"../../../Engine/Plugins/FX/Niagara/Content/Functions/ParametricTorusKnot.uasset" 802
"../../../Engine/Plugins/FX/Niagara/Content/Functions/ParametricTorusKnot.uexp" 803
"../../../Engine/Plugins/FX/Niagara/Content/Functions/PolarToCartesianCoordinates.uasset" 804
"../../../Engine/Plugins/FX/Niagara/Content/Functions/PolarToCartesianCoordinates.uexp" 805
"../../../Engine/Plugins/FX/Niagara/Content/Functions/ParametricTorus.uasset" 806
"../../../Engine/Plugins/FX/Niagara/Content/Functions/ParametricTorus.uexp" 807
"../../../Engine/Plugins/FX/Niagara/Content/Functions/Rotation/AxisAngleToQuaternion.uasset" 808
"../../../Engine/Plugins/FX/Niagara/Content/Functions/Rotation/AxisAngleToQuaternion.uexp" 809
"../../../Engine/Plugins/FX/Niagara/Content/Modules/Spawn/Location/TorusLocation.uasset" 810
"../../../Engine/Plugins/FX/Niagara/Content/Modules/Spawn/Location/TorusLocation.uexp" 811
"E:/Unreal Projects/StarWarsTraining_UE5/Content/VRTemplate/VFX/NS_TeleportRing.uasset" 812
"E:/Unreal Projects/StarWarsTraining_UE5/Content/VRTemplate/VFX/NS_TeleportRing.uexp" 813
"E:/Unreal Projects/StarWarsTraining_UE5/Content/VRTemplate/Blueprints/VRTeleportVisualizer.uasset" 814
"E:/Unreal Projects/StarWarsTraining_UE5/Content/VRTemplate/Blueprints/VRTeleportVisualizer.uexp" 815
"../../../Engine/Plugins/FX/Niagara/Content/DynamicInputs/Helpers/SimulationPosition.uasset" 816
"../../../Engine/Plugins/FX/Niagara/Content/DynamicInputs/Helpers/SimulationPosition.uexp" 817
"../../../Engine/Plugins/FX/Niagara/Content/Functions/Localspace/TransformPosition.uasset" 818
"../../../Engine/Plugins/FX/Niagara/Content/Functions/Localspace/TransformPosition.uexp" 819
"../../../Engine/Plugins/FX/Niagara/Content/Modules/Beams/BeamEmitterSetup.uasset" 820
"../../../Engine/Plugins/FX/Niagara/Content/Modules/Beams/BeamEmitterSetup.uexp" 821
"../../../Engine/Plugins/FX/Niagara/Content/Modules/Spawn/Initialization/InitializeParticle.uasset" 822
"../../../Engine/Plugins/FX/Niagara/Content/Modules/Spawn/Initialization/InitializeParticle.uexp" 823
"../../../Engine/Plugins/FX/Niagara/Content/Icons/Modules/T_Icon_Solver_LimitSpeed.uasset" 824
"../../../Engine/Plugins/FX/Niagara/Content/Icons/Modules/T_Icon_Solver_LimitSpeed.uexp" 825
"../../../Engine/Plugins/FX/Niagara/Content/Modules/Solvers/ApplyRotationVector.uasset" 826
"../../../Engine/Plugins/FX/Niagara/Content/Modules/Solvers/ApplyRotationVector.uexp" 827
"../../../Engine/Plugins/FX/Niagara/Content/Icons/Modules/T_Icon_Solver_RotationalSolve.uasset" 828
"../../../Engine/Plugins/FX/Niagara/Content/Icons/Modules/T_Icon_Solver_RotationalSolve.uexp" 829
"../../../Engine/Plugins/FX/Niagara/Content/Icons/Modules/T_Icon_Solver_LimitAccel.uasset" 830
"../../../Engine/Plugins/FX/Niagara/Content/Icons/Modules/T_Icon_Solver_LimitAccel.uexp" 831
"../../../Engine/Plugins/FX/Niagara/Content/Modules/Solvers/SolveForcesAndVelocity.uasset" 832
"../../../Engine/Plugins/FX/Niagara/Content/Modules/Solvers/SolveForcesAndVelocity.uexp" 833
"../../../Engine/Plugins/FX/Niagara/Content/Functions/Spline/FindPositionOnBezierSpline.uasset" 834
"../../../Engine/Plugins/FX/Niagara/Content/Functions/Spline/FindPositionOnBezierSpline.uexp" 835
"../../../Engine/Plugins/FX/Niagara/Content/Modules/Beams/SpawnBeam.uasset" 836
"../../../Engine/Plugins/FX/Niagara/Content/Modules/Beams/SpawnBeam.uexp" 837
"../../../Engine/Plugins/FX/Niagara/Content/Modules/Beams/BeamWidth.uasset" 838
"../../../Engine/Plugins/FX/Niagara/Content/Modules/Beams/BeamWidth.uexp" 839
"E:/Unreal Projects/StarWarsTraining_UE5/Content/VRTemplate/Materials/DefaultRibbonMaterial_NoGradient.uasset" 840
"E:/Unreal Projects/StarWarsTraining_UE5/Content/VRTemplate/Materials/DefaultRibbonMaterial_NoGradient.uexp" 841
"../../../Engine/Plugins/FX/Niagara/Content/DynamicInputs/ValueFromCurve/FloatFromCurve.uasset" 842
"../../../Engine/Plugins/FX/Niagara/Content/DynamicInputs/ValueFromCurve/FloatFromCurve.uexp" 843
"../../../Engine/Plugins/FX/Niagara/Content/Modules/Update/Color/Color.uasset" 844
"../../../Engine/Plugins/FX/Niagara/Content/Modules/Update/Color/Color.uexp" 845
"../../../Engine/Plugins/FX/Niagara/Content/DynamicInputs/ValueFromCurve/ColorFromCurve.uasset" 846
"../../../Engine/Plugins/FX/Niagara/Content/DynamicInputs/ValueFromCurve/ColorFromCurve.uexp" 847
"E:/Unreal Projects/StarWarsTraining_UE5/Content/VRTemplate/VFX/NS_TeleportTrace.uasset" 848
"E:/Unreal Projects/StarWarsTraining_UE5/Content/VRTemplate/VFX/NS_TeleportTrace.uexp" 849
"../../../Engine/Content/VREditor/Devices/Generic/GenericHMDMaterial.uasset" 850
"../../../Engine/Content/VREditor/Devices/Generic/GenericHMDMaterial.uexp" 851
"../../../Engine/Content/VREditor/Devices/Generic/GenericHMD.uasset" 852
"../../../Engine/Content/VREditor/Devices/Generic/GenericHMD.uexp" 853
"E:/Unreal Projects/StarWarsTraining_UE5/Content/VRTemplate/VFX/NS_MenuLaser.uasset" 854
"E:/Unreal Projects/StarWarsTraining_UE5/Content/VRTemplate/VFX/NS_MenuLaser.uexp" 855
"E:/Unreal Projects/StarWarsTraining_UE5/Content/VRTemplate/Blueprints/WidgetMenu.uasset" 856
"E:/Unreal Projects/StarWarsTraining_UE5/Content/VRTemplate/Blueprints/WidgetMenu.uexp" 857
"../../../Engine/Content/BasicShapes/Sphere.uasset" 858
"../../../Engine/Content/BasicShapes/Sphere.uexp" 859
"E:/Unreal Projects/StarWarsTraining_UE5/Content/VRTemplate/Materials/M_VRCursor.uasset" 860
"E:/Unreal Projects/StarWarsTraining_UE5/Content/VRTemplate/Materials/M_VRCursor.uexp" 861
"E:/Unreal Projects/StarWarsTraining_UE5/Content/VRTemplate/Blueprints/Menu.uasset" 862
"E:/Unreal Projects/StarWarsTraining_UE5/Content/VRTemplate/Blueprints/Menu.uexp" 863
"E:/Unreal Projects/StarWarsTraining_UE5/Content/VRTemplate/Blueprints/VRPawn.uasset" 864
"E:/Unreal Projects/StarWarsTraining_UE5/Content/VRTemplate/Blueprints/VRPawn.uexp" 865
"E:/Unreal Projects/StarWarsTraining_UE5/Content/VRTemplate/Blueprints/VRGameMode.uasset" 866
"E:/Unreal Projects/StarWarsTraining_UE5/Content/VRTemplate/Blueprints/VRGameMode.uexp" 867
"../../../Engine/Content/BasicShapes/BasicShapeMaterial.uasset" 868
"../../../Engine/Content/BasicShapes/BasicShapeMaterial.uexp" 869
"../../../Engine/Content/VREditor/BasicMeshes/T_CleanFloorGrunge_01_D.ubulk" 870
"../../../Engine/Content/VREditor/BasicMeshes/T_CleanFloorGrunge_01_D.uasset" 871
"../../../Engine/Content/VREditor/BasicMeshes/T_CleanFloorGrunge_01_D.uexp" 872
"../../../Engine/Content/VREditor/BasicMeshes/M_Floor_01.uasset" 873
"../../../Engine/Content/VREditor/BasicMeshes/M_Floor_01.uexp" 874
"../../../Engine/Content/VREditor/BasicMeshes/MI_Ball_01.uasset" 875
"../../../Engine/Content/VREditor/BasicMeshes/MI_Ball_01.uexp" 876
"../../../Engine/Content/VREditor/BasicMeshes/SM_Ball_01.uasset" 877
"../../../Engine/Content/VREditor/BasicMeshes/SM_Ball_01.uexp" 878
"E:/Unreal Projects/StarWarsTraining_UE5/Content/VRTemplate/Audio/Fire01.ubulk" 879
"E:/Unreal Projects/StarWarsTraining_UE5/Content/VRTemplate/Audio/Fire01.uasset" 880
"E:/Unreal Projects/StarWarsTraining_UE5/Content/VRTemplate/Audio/Fire01.uexp" 881
"E:/Unreal Projects/StarWarsTraining_UE5/Content/VRTemplate/Audio/Fire_Cue.uasset" 882
"E:/Unreal Projects/StarWarsTraining_UE5/Content/VRTemplate/Audio/Fire_Cue.uexp" 883
"E:/Unreal Projects/StarWarsTraining_UE5/Content/FPWeapon/Mesh/SK_FPGun_Skeleton.uasset" 884
"E:/Unreal Projects/StarWarsTraining_UE5/Content/FPWeapon/Mesh/SK_FPGun_Skeleton.uexp" 885
"E:/Unreal Projects/StarWarsTraining_UE5/Content/FPWeapon/Materials/MaterialLayers/T_ML_Rubber_Blue_01_D.ubulk" 886
"E:/Unreal Projects/StarWarsTraining_UE5/Content/FPWeapon/Materials/MaterialLayers/T_ML_Rubber_Blue_01_D.uasset" 887
"E:/Unreal Projects/StarWarsTraining_UE5/Content/FPWeapon/Materials/MaterialLayers/T_ML_Rubber_Blue_01_D.uexp" 888
"E:/Unreal Projects/StarWarsTraining_UE5/Content/FPWeapon/Textures/T_FPGun_N.ubulk" 889
"E:/Unreal Projects/StarWarsTraining_UE5/Content/FPWeapon/Textures/T_FPGun_N.uasset" 890
"E:/Unreal Projects/StarWarsTraining_UE5/Content/FPWeapon/Textures/T_FPGun_N.uexp" 891
"../../../Engine/Content/Functions/Engine_MaterialFunctions02/Utility/BlendAngleCorrectedNormals.uasset" 892
"../../../Engine/Content/Functions/Engine_MaterialFunctions02/Utility/BlendAngleCorrectedNormals.uexp" 893
"../../../Engine/Content/Functions/MaterialLayerFunctions/MatLayerBlend_NormalBlend.uasset" 894
"../../../Engine/Content/Functions/MaterialLayerFunctions/MatLayerBlend_NormalBlend.uexp" 895
"E:/Unreal Projects/StarWarsTraining_UE5/Content/FPWeapon/Materials/MaterialLayers/T_ML_Rubber_Blue_01_N.ubulk" 896
"E:/Unreal Projects/StarWarsTraining_UE5/Content/FPWeapon/Materials/MaterialLayers/T_ML_Rubber_Blue_01_N.uasset" 897
"E:/Unreal Projects/StarWarsTraining_UE5/Content/FPWeapon/Materials/MaterialLayers/T_ML_Rubber_Blue_01_N.uexp" 898
"E:/Unreal Projects/StarWarsTraining_UE5/Content/FPWeapon/Materials/MaterialLayers/ML_Screen.uasset" 899
"E:/Unreal Projects/StarWarsTraining_UE5/Content/FPWeapon/Materials/MaterialLayers/ML_Screen.uexp" 900
"E:/Unreal Projects/StarWarsTraining_UE5/Content/FPWeapon/Materials/MaterialLayers/T_ML_Aluminum01_N.ubulk" 901
"E:/Unreal Projects/StarWarsTraining_UE5/Content/FPWeapon/Materials/MaterialLayers/T_ML_Aluminum01_N.uasset" 902
"E:/Unreal Projects/StarWarsTraining_UE5/Content/FPWeapon/Materials/MaterialLayers/T_ML_Aluminum01_N.uexp" 903
"E:/Unreal Projects/StarWarsTraining_UE5/Content/FPWeapon/Materials/MaterialLayers/T_ML_Aluminum01.ubulk" 904
"E:/Unreal Projects/StarWarsTraining_UE5/Content/FPWeapon/Materials/MaterialLayers/T_ML_Aluminum01.uasset" 905
"E:/Unreal Projects/StarWarsTraining_UE5/Content/FPWeapon/Materials/MaterialLayers/T_ML_Aluminum01.uexp" 906
"E:/Unreal Projects/StarWarsTraining_UE5/Content/FPWeapon/Materials/MaterialLayers/ML_SoftMetal_UE4.uasset" 907
"E:/Unreal Projects/StarWarsTraining_UE5/Content/FPWeapon/Materials/MaterialLayers/ML_SoftMetal_UE4.uexp" 908
"../../../Engine/Content/Functions/MaterialLayerFunctions/MatLayerBlend_Simple.uasset" 909
"../../../Engine/Content/Functions/MaterialLayerFunctions/MatLayerBlend_Simple.uexp" 910
"E:/Unreal Projects/StarWarsTraining_UE5/Content/FPWeapon/Textures/T_FPGun_M.ubulk" 911
"E:/Unreal Projects/StarWarsTraining_UE5/Content/FPWeapon/Textures/T_FPGun_M.uasset" 912
"E:/Unreal Projects/StarWarsTraining_UE5/Content/FPWeapon/Textures/T_FPGun_M.uexp" 913
"E:/Unreal Projects/StarWarsTraining_UE5/Content/FPWeapon/Materials/MaterialLayers/ML_Plastic_Shiny_Beige.uasset" 914
"E:/Unreal Projects/StarWarsTraining_UE5/Content/FPWeapon/Materials/MaterialLayers/ML_Plastic_Shiny_Beige.uexp" 915
"E:/Unreal Projects/StarWarsTraining_UE5/Content/FPWeapon/Materials/MaterialLayers/ML_GlossyBlack_Latex_UE4.uasset" 916
"E:/Unreal Projects/StarWarsTraining_UE5/Content/FPWeapon/Materials/MaterialLayers/ML_GlossyBlack_Latex_UE4.uexp" 917
"E:/Unreal Projects/StarWarsTraining_UE5/Content/FPWeapon/Materials/M_FPGun.uasset" 918
"E:/Unreal Projects/StarWarsTraining_UE5/Content/FPWeapon/Materials/M_FPGun.uexp" 919
"E:/Unreal Projects/StarWarsTraining_UE5/Content/FPWeapon/Mesh/SK_FPGun_Physics.uasset" 920
"E:/Unreal Projects/StarWarsTraining_UE5/Content/FPWeapon/Mesh/SK_FPGun_Physics.uexp" 921
"E:/Unreal Projects/StarWarsTraining_UE5/Content/FPWeapon/Mesh/SK_FPGun.uasset" 922
"E:/Unreal Projects/StarWarsTraining_UE5/Content/FPWeapon/Mesh/SK_FPGun.uexp" 923
"E:/Unreal Projects/StarWarsTraining_UE5/Content/VRTemplate/Haptics/PistolFireHapticEffect.uasset" 924
"E:/Unreal Projects/StarWarsTraining_UE5/Content/VRTemplate/Haptics/PistolFireHapticEffect.uexp" 925
"E:/Unreal Projects/StarWarsTraining_UE5/Content/VRTemplate/Materials/M_Projectile.uasset" 926
"E:/Unreal Projects/StarWarsTraining_UE5/Content/VRTemplate/Materials/M_Projectile.uexp" 927
"E:/Unreal Projects/StarWarsTraining_UE5/Content/VRTemplate/Materials/MI_Projectile.uasset" 928
"E:/Unreal Projects/StarWarsTraining_UE5/Content/VRTemplate/Materials/MI_Projectile.uexp" 929
"E:/Unreal Projects/StarWarsTraining_UE5/Content/VRTemplate/Blueprints/Projectile.uasset" 930
"E:/Unreal Projects/StarWarsTraining_UE5/Content/VRTemplate/Blueprints/Projectile.uexp" 931
"E:/Unreal Projects/StarWarsTraining_UE5/Content/VRTemplate/Blueprints/Pistol.uasset" 932
"E:/Unreal Projects/StarWarsTraining_UE5/Content/VRTemplate/Blueprints/Pistol.uexp" 933
"E:/Unreal Projects/StarWarsTraining_UE5/Content/VRSpectator/RT_VRSpectator.uasset" 934
"E:/Unreal Projects/StarWarsTraining_UE5/Content/VRSpectator/RT_VRSpectator.uexp" 935
"../../../Engine/Content/EditorResources/MatineeCam_D.uasset" 936
"../../../Engine/Content/EditorResources/MatineeCam_D.uexp" 937
"../../../Engine/Content/EditorMaterials/MatineeCam_mat.uasset" 938
"../../../Engine/Content/EditorMaterials/MatineeCam_mat.uexp" 939
"../../../Engine/Content/EditorMeshes/MatineeCam_SM.uasset" 940
"../../../Engine/Content/EditorMeshes/MatineeCam_SM.uexp" 941
"E:/Unreal Projects/StarWarsTraining_UE5/Content/VRSpectator/EVRSpectatorMode.uasset" 942
"E:/Unreal Projects/StarWarsTraining_UE5/Content/VRSpectator/EVRSpectatorMode.uexp" 943
"E:/Unreal Projects/StarWarsTraining_UE5/Content/VRSpectator/VRSpectator.uasset" 944
"E:/Unreal Projects/StarWarsTraining_UE5/Content/VRSpectator/VRSpectator.uexp" 945
"E:/Unreal Projects/StarWarsTraining_UE5/Content/VRTemplate/Maps/VRTemplateMap_BuiltData.ubulk" 946
"E:/Unreal Projects/StarWarsTraining_UE5/Content/VRTemplate/Maps/VRTemplateMap_BuiltData.uasset" 947
"E:/Unreal Projects/StarWarsTraining_UE5/Content/VRTemplate/Maps/VRTemplateMap_BuiltData.uexp" 948
"E:/Unreal Projects/StarWarsTraining_UE5/Content/VRTemplate/Maps/VRTemplateMap.uexp" 949
"E:/Unreal Projects/StarWarsTraining_UE5/Content/VRTemplate/Maps/VRTemplateMap.umap" 950
